WARNING - 2023-05-09 16:52:36 --> [DEPRECATED] Creation of dynamic property App\Controllers\Pasien::$model is deprecated in APPPATH\Controllers\Pasien.php on line 15.
 1 SYSTEMPATH\CodeIgniter.php(906): App\Controllers\Pasien->__construct()
 2 SYSTEMPATH\CodeIgniter.php(490): CodeIgniter\CodeIgniter->createController()
 3 SYSTEMPATH\CodeIgniter.php(368): CodeIgniter\CodeIgniter->handleRequest(null, Object(Config\Cache), false)
 4 FCPATH\index.php(67): CodeIgniter\CodeIgniter->run()
WARNING - 2023-05-09 16:59:01 --> [DEPRECATED] Creation of dynamic property App\Controllers\Pasien::$model is deprecated in APPPATH\Controllers\Pasien.php on line 15.
 1 SYSTEMPATH\CodeIgniter.php(906): App\Controllers\Pasien->__construct()
 2 SYSTEMPATH\CodeIgniter.php(490): CodeIgniter\CodeIgniter->createController()
 3 SYSTEMPATH\CodeIgniter.php(368): CodeIgniter\CodeIgniter->handleRequest(null, Object(Config\Cache), false)
 4 FCPATH\index.php(67): CodeIgniter\CodeIgniter->run()
WARNING - 2023-05-09 16:59:22 --> [DEPRECATED] Creation of dynamic property App\Controllers\Pasien::$model is deprecated in APPPATH\Controllers\Pasien.php on line 15.
 1 SYSTEMPATH\CodeIgniter.php(906): App\Controllers\Pasien->__construct()
 2 SYSTEMPATH\CodeIgniter.php(490): CodeIgniter\CodeIgniter->createController()
 3 SYSTEMPATH\CodeIgniter.php(368): CodeIgniter\CodeIgniter->handleRequest(null, Object(Config\Cache), false)
 4 FCPATH\index.php(67): CodeIgniter\CodeIgniter->run()
WARNING - 2023-05-09 17:00:05 --> [DEPRECATED] Creation of dynamic property App\Controllers\Pasien::$model is deprecated in APPPATH\Controllers\Pasien.php on line 15.
 1 SYSTEMPATH\CodeIgniter.php(906): App\Controllers\Pasien->__construct()
 2 SYSTEMPATH\CodeIgniter.php(490): CodeIgniter\CodeIgniter->createController()
 3 SYSTEMPATH\CodeIgniter.php(368): CodeIgniter\CodeIgniter->handleRequest(null, Object(Config\Cache), false)
 4 FCPATH\index.php(67): CodeIgniter\CodeIgniter->run()
WARNING - 2023-05-09 17:00:08 --> [DEPRECATED] Creation of dynamic property App\Controllers\Pasien::$model is deprecated in APPPATH\Controllers\Pasien.php on line 15.
 1 SYSTEMPATH\CodeIgniter.php(906): App\Controllers\Pasien->__construct()
 2 SYSTEMPATH\CodeIgniter.php(490): CodeIgniter\CodeIgniter->createController()
 3 SYSTEMPATH\CodeIgniter.php(368): CodeIgniter\CodeIgniter->handleRequest(null, Object(Config\Cache), false)
 4 FCPATH\index.php(67): CodeIgniter\CodeIgniter->run()
CRITICAL - 2023-05-09 17:08:02 --> Maximum execution time of 120 seconds exceeded
in SYSTEMPATH\HTTP\CURLRequest.php on line 672.
 1 [internal function]: CodeIgniter\Debug\Exceptions->shutdownHandler()
CRITICAL - 2023-05-09 17:18:06 --> Undefined variable $PasienModel
in APPPATH\Controllers\Auth.php on line 40.
 1 APPPATH\Controllers\Auth.php(40): CodeIgniter\Debug\Exceptions->errorHandler(2, 'Undefined variable $PasienModel', 'C:\\xampp\\htdocs\\tbcrestapi\\app\\Controllers\\Auth.php', 40)
 2 SYSTEMPATH\CodeIgniter.php(934): App\Controllers\Auth->index()
 3 SYSTEMPATH\CodeIgniter.php(499): CodeIgniter\CodeIgniter->runController(Object(App\Controllers\Auth))
 4 SYSTEMPATH\CodeIgniter.php(368): CodeIgniter\CodeIgniter->handleRequest(null, Object(Config\Cache), false)
 5 FCPATH\index.php(67): CodeIgniter\CodeIgniter->run()
WARNING - 2023-05-09 17:26:26 --> [DEPRECATED] Creation of dynamic property App\Controllers\Pasien::$model is deprecated in APPPATH\Controllers\Pasien.php on line 15.
 1 SYSTEMPATH\CodeIgniter.php(906): App\Controllers\Pasien->__construct()
 2 SYSTEMPATH\CodeIgniter.php(490): CodeIgniter\CodeIgniter->createController()
 3 SYSTEMPATH\CodeIgniter.php(368): CodeIgniter\CodeIgniter->handleRequest(null, Object(Config\Cache), false)
 4 FCPATH\index.php(67): CodeIgniter\CodeIgniter->run()
WARNING - 2023-05-09 17:29:16 --> [DEPRECATED] Creation of dynamic property App\Controllers\Pasien::$model is deprecated in APPPATH\Controllers\Pasien.php on line 15.
 1 SYSTEMPATH\CodeIgniter.php(906): App\Controllers\Pasien->__construct()
 2 SYSTEMPATH\CodeIgniter.php(490): CodeIgniter\CodeIgniter->createController()
 3 SYSTEMPATH\CodeIgniter.php(368): CodeIgniter\CodeIgniter->handleRequest(null, Object(Config\Cache), false)
 4 FCPATH\index.php(67): CodeIgniter\CodeIgniter->run()
 5 SYSTEMPATH\Commands\Server\rewrite.php(47): require_once('C:\\xampp\\htdocs\\tbcrestapi\\public\\index.php')
WARNING - 2023-05-09 17:34:07 --> [DEPRECATED] Creation of dynamic property App\Controllers\Pasien::$model is deprecated in APPPATH\Controllers\Pasien.php on line 15.
 1 SYSTEMPATH\CodeIgniter.php(906): App\Controllers\Pasien->__construct()
 2 SYSTEMPATH\CodeIgniter.php(490): CodeIgniter\CodeIgniter->createController()
 3 SYSTEMPATH\CodeIgniter.php(368): CodeIgniter\CodeIgniter->handleRequest(null, Object(Config\Cache), false)
 4 FCPATH\index.php(67): CodeIgniter\CodeIgniter->run()
 5 SYSTEMPATH\Commands\Server\rewrite.php(47): require_once('C:\\xampp\\htdocs\\tbcrestapi\\public\\index.php')
WARNING - 2023-05-09 17:36:02 --> [DEPRECATED] Creation of dynamic property App\Controllers\Pasien::$model is deprecated in APPPATH\Controllers\Pasien.php on line 15.
 1 SYSTEMPATH\CodeIgniter.php(906): App\Controllers\Pasien->__construct()
 2 SYSTEMPATH\CodeIgniter.php(490): CodeIgniter\CodeIgniter->createController()
 3 SYSTEMPATH\CodeIgniter.php(368): CodeIgniter\CodeIgniter->handleRequest(null, Object(Config\Cache), false)
 4 FCPATH\index.php(67): CodeIgniter\CodeIgniter->run()
 5 SYSTEMPATH\Commands\Server\rewrite.php(47): require_once('C:\\xampp\\htdocs\\tbcrestapi\\public\\index.php')
WARNING - 2023-05-09 17:36:09 --> [DEPRECATED] Creation of dynamic property App\Controllers\Pasien::$model is deprecated in APPPATH\Controllers\Pasien.php on line 15.
 1 SYSTEMPATH\CodeIgniter.php(906): App\Controllers\Pasien->__construct()
 2 SYSTEMPATH\CodeIgniter.php(490): CodeIgniter\CodeIgniter->createController()
 3 SYSTEMPATH\CodeIgniter.php(368): CodeIgniter\CodeIgniter->handleRequest(null, Object(Config\Cache), false)
 4 FCPATH\index.php(67): CodeIgniter\CodeIgniter->run()
 5 SYSTEMPATH\Commands\Server\rewrite.php(47): require_once('C:\\xampp\\htdocs\\tbcrestapi\\public\\index.php')
WARNING - 2023-05-09 17:36:12 --> [DEPRECATED] Creation of dynamic property App\Controllers\Pasien::$model is deprecated in APPPATH\Controllers\Pasien.php on line 15.
 1 SYSTEMPATH\CodeIgniter.php(906): App\Controllers\Pasien->__construct()
 2 SYSTEMPATH\CodeIgniter.php(490): CodeIgniter\CodeIgniter->createController()
 3 SYSTEMPATH\CodeIgniter.php(368): CodeIgniter\CodeIgniter->handleRequest(null, Object(Config\Cache), false)
 4 FCPATH\index.php(67): CodeIgniter\CodeIgniter->run()
 5 SYSTEMPATH\Commands\Server\rewrite.php(47): require_once('C:\\xampp\\htdocs\\tbcrestapi\\public\\index.php')
WARNING - 2023-05-09 17:36:16 --> [DEPRECATED] Creation of dynamic property App\Controllers\Pasien::$model is deprecated in APPPATH\Controllers\Pasien.php on line 15.
 1 SYSTEMPATH\CodeIgniter.php(906): App\Controllers\Pasien->__construct()
 2 SYSTEMPATH\CodeIgniter.php(490): CodeIgniter\CodeIgniter->createController()
 3 SYSTEMPATH\CodeIgniter.php(368): CodeIgniter\CodeIgniter->handleRequest(null, Object(Config\Cache), false)
 4 FCPATH\index.php(67): CodeIgniter\CodeIgniter->run()
 5 SYSTEMPATH\Commands\Server\rewrite.php(47): require_once('C:\\xampp\\htdocs\\tbcrestapi\\public\\index.php')
CRITICAL - 2023-05-09 23:02:58 --> Undefined array key "access_token"
in APPPATH\Helpers\restclient_helper.php on line 30.
 1 APPPATH\Helpers\restclient_helper.php(30): CodeIgniter\Debug\Exceptions->errorHandler(2, 'Undefined array key "access_token"', 'C:\\xampp\\htdocs\\tbcrestapi\\app\\Helpers\\restclient_helper.php', 30)
 2 APPPATH\Controllers\RestClient.php(41): akses_restapi('GET', 'http://localhost/tbcrestapi/public/auth', [])
 3 SYSTEMPATH\CodeIgniter.php(934): App\Controllers\RestClient->index()
 4 SYSTEMPATH\CodeIgniter.php(499): CodeIgniter\CodeIgniter->runController(Object(App\Controllers\RestClient))
 5 SYSTEMPATH\CodeIgniter.php(368): CodeIgniter\CodeIgniter->handleRequest(null, Object(Config\Cache), false)
 6 FCPATH\index.php(67): CodeIgniter\CodeIgniter->run()
 7 SYSTEMPATH\Commands\Server\rewrite.php(47): require_once('C:\\xampp\\htdocs\\tbcrestapi\\public\\index.php')
