CRITICAL - 2023-04-30 19:26:46 --> The framework needs the following extension(s) installed and loaded: intl.
in SYSTEMPATH\CodeIgniter.php on line 226.
 1 SYSTEMPATH\CodeIgniter.php(226): CodeIgniter\Exceptions\FrameworkException::forMissingExtension('intl')
 2 SYSTEMPATH\CodeIgniter.php(190): CodeIgniter\CodeIgniter->resolvePlatformExtensions()
 3 FCPATH\index.php(55): CodeIgniter\CodeIgniter->initialize()
CRITICAL - 2023-04-30 19:26:46 --> Uncaught Error: Class "Locale" not found in C:\xampp\htdocs\tbcrestapi\system\I18n\TimeTrait.php:74
Stack trace:
#0 C:\xampp\htdocs\tbcrestapi\system\I18n\TimeTrait.php(115): CodeIgniter\I18n\Time->__construct(NULL, NULL, NULL)
#1 C:\xampp\htdocs\tbcrestapi\system\HTTP\ResponseTrait.php(468): CodeIgniter\I18n\Time::now()
#2 C:\xampp\htdocs\tbcrestapi\system\HTTP\ResponseTrait.php(446): CodeIgniter\HTTP\Response->sendHeaders()
#3 C:\xampp\htdocs\tbcrestapi\system\Debug\Exceptions.php(150): CodeIgniter\HTTP\Response->send()
#4 [internal function]: CodeIgniter\Debug\Exceptions->exceptionHandler(Object(CodeIgniter\Exceptions\FrameworkException))
#5 {main}
  thrown
【Previous Exception】
CodeIgniter\Exceptions\FrameworkException
The framework needs the following extension(s) installed and loaded: intl.
#0 C:\xampp\htdocs\tbcrestapi\system\CodeIgniter.php(226): CodeIgniter\Exceptions\FrameworkException::forMissingExtension('intl')
#1 C:\xampp\htdocs\tbcrestapi\system\CodeIgniter.php(190): CodeIgniter\CodeIgniter->resolvePlatformExtensions()
#2 C:\xampp\htdocs\tbcrestapi\public\index.php(55): CodeIgniter\CodeIgniter->initialize()
#3 {main}
in SYSTEMPATH\I18n\TimeTrait.php on line 74.
 1 [internal function]: CodeIgniter\Debug\Exceptions->shutdownHandler()
CRITICAL - 2023-04-30 19:30:37 --> The framework needs the following extension(s) installed and loaded: intl.
in SYSTEMPATH\CodeIgniter.php on line 226.
 1 SYSTEMPATH\CodeIgniter.php(226): CodeIgniter\Exceptions\FrameworkException::forMissingExtension('intl')
 2 SYSTEMPATH\CodeIgniter.php(190): CodeIgniter\CodeIgniter->resolvePlatformExtensions()
 3 ROOTPATH\spark(83): CodeIgniter\CodeIgniter->initialize()
CRITICAL - 2023-04-30 19:31:57 --> The framework needs the following extension(s) installed and loaded: intl.
in SYSTEMPATH\CodeIgniter.php on line 226.
 1 SYSTEMPATH\CodeIgniter.php(226): CodeIgniter\Exceptions\FrameworkException::forMissingExtension('intl')
 2 SYSTEMPATH\CodeIgniter.php(190): CodeIgniter\CodeIgniter->resolvePlatformExtensions()
 3 FCPATH\index.php(55): CodeIgniter\CodeIgniter->initialize()
CRITICAL - 2023-04-30 19:32:09 --> The framework needs the following extension(s) installed and loaded: intl.
in SYSTEMPATH\CodeIgniter.php on line 226.
 1 SYSTEMPATH\CodeIgniter.php(226): CodeIgniter\Exceptions\FrameworkException::forMissingExtension('intl')
 2 SYSTEMPATH\CodeIgniter.php(190): CodeIgniter\CodeIgniter->resolvePlatformExtensions()
 3 FCPATH\index.php(55): CodeIgniter\CodeIgniter->initialize()
CRITICAL - 2023-04-30 19:32:09 --> Uncaught Error: Class "Locale" not found in C:\xampp\htdocs\tbcrestapi\system\I18n\TimeTrait.php:74
Stack trace:
#0 C:\xampp\htdocs\tbcrestapi\system\I18n\TimeTrait.php(115): CodeIgniter\I18n\Time->__construct(NULL, NULL, NULL)
#1 C:\xampp\htdocs\tbcrestapi\system\HTTP\ResponseTrait.php(468): CodeIgniter\I18n\Time::now()
#2 C:\xampp\htdocs\tbcrestapi\system\HTTP\ResponseTrait.php(446): CodeIgniter\HTTP\Response->sendHeaders()
#3 C:\xampp\htdocs\tbcrestapi\system\Debug\Exceptions.php(150): CodeIgniter\HTTP\Response->send()
#4 [internal function]: CodeIgniter\Debug\Exceptions->exceptionHandler(Object(CodeIgniter\Exceptions\FrameworkException))
#5 {main}
  thrown
【Previous Exception】
CodeIgniter\Exceptions\FrameworkException
The framework needs the following extension(s) installed and loaded: intl.
#0 C:\xampp\htdocs\tbcrestapi\system\CodeIgniter.php(226): CodeIgniter\Exceptions\FrameworkException::forMissingExtension('intl')
#1 C:\xampp\htdocs\tbcrestapi\system\CodeIgniter.php(190): CodeIgniter\CodeIgniter->resolvePlatformExtensions()
#2 C:\xampp\htdocs\tbcrestapi\public\index.php(55): CodeIgniter\CodeIgniter->initialize()
#3 {main}
in SYSTEMPATH\I18n\TimeTrait.php on line 74.
 1 [internal function]: CodeIgniter\Debug\Exceptions->shutdownHandler()
CRITICAL - 2023-04-30 19:51:01 --> The framework needs the following extension(s) installed and loaded: intl.
in SYSTEMPATH\CodeIgniter.php on line 226.
 1 SYSTEMPATH\CodeIgniter.php(226): CodeIgniter\Exceptions\FrameworkException::forMissingExtension('intl')
 2 SYSTEMPATH\CodeIgniter.php(190): CodeIgniter\CodeIgniter->resolvePlatformExtensions()
 3 FCPATH\index.php(55): CodeIgniter\CodeIgniter->initialize()
CRITICAL - 2023-04-30 19:51:11 --> The framework needs the following extension(s) installed and loaded: intl.
in SYSTEMPATH\CodeIgniter.php on line 226.
 1 SYSTEMPATH\CodeIgniter.php(226): CodeIgniter\Exceptions\FrameworkException::forMissingExtension('intl')
 2 SYSTEMPATH\CodeIgniter.php(190): CodeIgniter\CodeIgniter->resolvePlatformExtensions()
 3 FCPATH\index.php(55): CodeIgniter\CodeIgniter->initialize()
CRITICAL - 2023-04-30 19:51:11 --> Uncaught Error: Class "Locale" not found in C:\xampp\htdocs\tbcrestapi\system\I18n\TimeTrait.php:74
Stack trace:
#0 C:\xampp\htdocs\tbcrestapi\system\I18n\TimeTrait.php(115): CodeIgniter\I18n\Time->__construct(NULL, NULL, NULL)
#1 C:\xampp\htdocs\tbcrestapi\system\HTTP\ResponseTrait.php(468): CodeIgniter\I18n\Time::now()
#2 C:\xampp\htdocs\tbcrestapi\system\HTTP\ResponseTrait.php(446): CodeIgniter\HTTP\Response->sendHeaders()
#3 C:\xampp\htdocs\tbcrestapi\system\Debug\Exceptions.php(150): CodeIgniter\HTTP\Response->send()
#4 [internal function]: CodeIgniter\Debug\Exceptions->exceptionHandler(Object(CodeIgniter\Exceptions\FrameworkException))
#5 {main}
  thrown
【Previous Exception】
CodeIgniter\Exceptions\FrameworkException
The framework needs the following extension(s) installed and loaded: intl.
#0 C:\xampp\htdocs\tbcrestapi\system\CodeIgniter.php(226): CodeIgniter\Exceptions\FrameworkException::forMissingExtension('intl')
#1 C:\xampp\htdocs\tbcrestapi\system\CodeIgniter.php(190): CodeIgniter\CodeIgniter->resolvePlatformExtensions()
#2 C:\xampp\htdocs\tbcrestapi\public\index.php(55): CodeIgniter\CodeIgniter->initialize()
#3 {main}
in SYSTEMPATH\I18n\TimeTrait.php on line 74.
 1 [internal function]: CodeIgniter\Debug\Exceptions->shutdownHandler()
CRITICAL - 2023-04-30 19:52:13 --> The framework needs the following extension(s) installed and loaded: intl.
in SYSTEMPATH\CodeIgniter.php on line 226.
 1 SYSTEMPATH\CodeIgniter.php(226): CodeIgniter\Exceptions\FrameworkException::forMissingExtension('intl')
 2 SYSTEMPATH\CodeIgniter.php(190): CodeIgniter\CodeIgniter->resolvePlatformExtensions()
 3 ROOTPATH\spark(83): CodeIgniter\CodeIgniter->initialize()
CRITICAL - 2023-04-30 19:57:32 --> The framework needs the following extension(s) installed and loaded: intl.
in SYSTEMPATH\CodeIgniter.php on line 226.
 1 SYSTEMPATH\CodeIgniter.php(226): CodeIgniter\Exceptions\FrameworkException::forMissingExtension('intl')
 2 SYSTEMPATH\CodeIgniter.php(190): CodeIgniter\CodeIgniter->resolvePlatformExtensions()
 3 FCPATH\index.php(55): CodeIgniter\CodeIgniter->initialize()
CRITICAL - 2023-04-30 19:57:32 --> Uncaught Error: Class "Locale" not found in C:\xampp\htdocs\tbcrestapi\system\I18n\TimeTrait.php:74
Stack trace:
#0 C:\xampp\htdocs\tbcrestapi\system\I18n\TimeTrait.php(115): CodeIgniter\I18n\Time->__construct(NULL, NULL, NULL)
#1 C:\xampp\htdocs\tbcrestapi\system\HTTP\ResponseTrait.php(468): CodeIgniter\I18n\Time::now()
#2 C:\xampp\htdocs\tbcrestapi\system\HTTP\ResponseTrait.php(446): CodeIgniter\HTTP\Response->sendHeaders()
#3 C:\xampp\htdocs\tbcrestapi\system\Debug\Exceptions.php(150): CodeIgniter\HTTP\Response->send()
#4 [internal function]: CodeIgniter\Debug\Exceptions->exceptionHandler(Object(CodeIgniter\Exceptions\FrameworkException))
#5 {main}
  thrown
【Previous Exception】
CodeIgniter\Exceptions\FrameworkException
The framework needs the following extension(s) installed and loaded: intl.
#0 C:\xampp\htdocs\tbcrestapi\system\CodeIgniter.php(226): CodeIgniter\Exceptions\FrameworkException::forMissingExtension('intl')
#1 C:\xampp\htdocs\tbcrestapi\system\CodeIgniter.php(190): CodeIgniter\CodeIgniter->resolvePlatformExtensions()
#2 C:\xampp\htdocs\tbcrestapi\public\index.php(55): CodeIgniter\CodeIgniter->initialize()
#3 {main}
in SYSTEMPATH\I18n\TimeTrait.php on line 74.
 1 [internal function]: CodeIgniter\Debug\Exceptions->shutdownHandler()
CRITICAL - 2023-04-30 17:57:42 --> Call to undefined method CodeIgniter\Router\RouteCollection::resources()
in APPPATH\Config\Routes.php on line 33.
 1 SYSTEMPATH\Router\RouteCollection.php(267): require()
 2 SYSTEMPATH\CodeIgniter.php(802): CodeIgniter\Router\RouteCollection->loadRoutes()
 3 SYSTEMPATH\CodeIgniter.php(449): CodeIgniter\CodeIgniter->tryToRouteIt(null)
 4 SYSTEMPATH\CodeIgniter.php(368): CodeIgniter\CodeIgniter->handleRequest(null, Object(Config\Cache), false)
 5 FCPATH\index.php(67): CodeIgniter\CodeIgniter->run()
 6 SYSTEMPATH\Commands\Server\rewrite.php(47): require_once('C:\\xampp\\htdocs\\tbcrestapi\\public\\index.php')
CRITICAL - 2023-04-30 17:58:40 --> Call to undefined method CodeIgniter\Router\RouteCollection::resources()
in APPPATH\Config\Routes.php on line 33.
 1 SYSTEMPATH\Router\RouteCollection.php(267): require()
 2 SYSTEMPATH\CodeIgniter.php(802): CodeIgniter\Router\RouteCollection->loadRoutes()
 3 SYSTEMPATH\CodeIgniter.php(449): CodeIgniter\CodeIgniter->tryToRouteIt(null)
 4 SYSTEMPATH\CodeIgniter.php(368): CodeIgniter\CodeIgniter->handleRequest(null, Object(Config\Cache), false)
 5 FCPATH\index.php(67): CodeIgniter\CodeIgniter->run()
 6 SYSTEMPATH\Commands\Server\rewrite.php(47): require_once('C:\\xampp\\htdocs\\tbcrestapi\\public\\index.php')
CRITICAL - 2023-04-30 19:59:13 --> The framework needs the following extension(s) installed and loaded: intl.
in SYSTEMPATH\CodeIgniter.php on line 226.
 1 SYSTEMPATH\CodeIgniter.php(226): CodeIgniter\Exceptions\FrameworkException::forMissingExtension('intl')
 2 SYSTEMPATH\CodeIgniter.php(190): CodeIgniter\CodeIgniter->resolvePlatformExtensions()
 3 FCPATH\index.php(55): CodeIgniter\CodeIgniter->initialize()
CRITICAL - 2023-04-30 19:59:13 --> Uncaught Error: Class "Locale" not found in C:\xampp\htdocs\tbcrestapi\system\I18n\TimeTrait.php:74
Stack trace:
#0 C:\xampp\htdocs\tbcrestapi\system\I18n\TimeTrait.php(115): CodeIgniter\I18n\Time->__construct(NULL, NULL, NULL)
#1 C:\xampp\htdocs\tbcrestapi\system\HTTP\ResponseTrait.php(468): CodeIgniter\I18n\Time::now()
#2 C:\xampp\htdocs\tbcrestapi\system\HTTP\ResponseTrait.php(446): CodeIgniter\HTTP\Response->sendHeaders()
#3 C:\xampp\htdocs\tbcrestapi\system\Debug\Exceptions.php(150): CodeIgniter\HTTP\Response->send()
#4 [internal function]: CodeIgniter\Debug\Exceptions->exceptionHandler(Object(CodeIgniter\Exceptions\FrameworkException))
#5 {main}
  thrown
【Previous Exception】
CodeIgniter\Exceptions\FrameworkException
The framework needs the following extension(s) installed and loaded: intl.
#0 C:\xampp\htdocs\tbcrestapi\system\CodeIgniter.php(226): CodeIgniter\Exceptions\FrameworkException::forMissingExtension('intl')
#1 C:\xampp\htdocs\tbcrestapi\system\CodeIgniter.php(190): CodeIgniter\CodeIgniter->resolvePlatformExtensions()
#2 C:\xampp\htdocs\tbcrestapi\public\index.php(55): CodeIgniter\CodeIgniter->initialize()
#3 {main}
in SYSTEMPATH\I18n\TimeTrait.php on line 74.
 1 [internal function]: CodeIgniter\Debug\Exceptions->shutdownHandler()
CRITICAL - 2023-04-30 19:59:47 --> The framework needs the following extension(s) installed and loaded: intl.
in SYSTEMPATH\CodeIgniter.php on line 226.
 1 SYSTEMPATH\CodeIgniter.php(226): CodeIgniter\Exceptions\FrameworkException::forMissingExtension('intl')
 2 SYSTEMPATH\CodeIgniter.php(190): CodeIgniter\CodeIgniter->resolvePlatformExtensions()
 3 FCPATH\index.php(55): CodeIgniter\CodeIgniter->initialize()
CRITICAL - 2023-04-30 19:59:47 --> Uncaught Error: Class "Locale" not found in C:\xampp\htdocs\tbcrestapi\system\I18n\TimeTrait.php:74
Stack trace:
#0 C:\xampp\htdocs\tbcrestapi\system\I18n\TimeTrait.php(115): CodeIgniter\I18n\Time->__construct(NULL, NULL, NULL)
#1 C:\xampp\htdocs\tbcrestapi\system\HTTP\ResponseTrait.php(468): CodeIgniter\I18n\Time::now()
#2 C:\xampp\htdocs\tbcrestapi\system\HTTP\ResponseTrait.php(446): CodeIgniter\HTTP\Response->sendHeaders()
#3 C:\xampp\htdocs\tbcrestapi\system\Debug\Exceptions.php(150): CodeIgniter\HTTP\Response->send()
#4 [internal function]: CodeIgniter\Debug\Exceptions->exceptionHandler(Object(CodeIgniter\Exceptions\FrameworkException))
#5 {main}
  thrown
【Previous Exception】
CodeIgniter\Exceptions\FrameworkException
The framework needs the following extension(s) installed and loaded: intl.
#0 C:\xampp\htdocs\tbcrestapi\system\CodeIgniter.php(226): CodeIgniter\Exceptions\FrameworkException::forMissingExtension('intl')
#1 C:\xampp\htdocs\tbcrestapi\system\CodeIgniter.php(190): CodeIgniter\CodeIgniter->resolvePlatformExtensions()
#2 C:\xampp\htdocs\tbcrestapi\public\index.php(55): CodeIgniter\CodeIgniter->initialize()
#3 {main}
in SYSTEMPATH\I18n\TimeTrait.php on line 74.
 1 [internal function]: CodeIgniter\Debug\Exceptions->shutdownHandler()
CRITICAL - 2023-04-30 20:00:28 --> The framework needs the following extension(s) installed and loaded: intl.
in SYSTEMPATH\CodeIgniter.php on line 226.
 1 SYSTEMPATH\CodeIgniter.php(226): CodeIgniter\Exceptions\FrameworkException::forMissingExtension('intl')
 2 SYSTEMPATH\CodeIgniter.php(190): CodeIgniter\CodeIgniter->resolvePlatformExtensions()
 3 FCPATH\index.php(55): CodeIgniter\CodeIgniter->initialize()
CRITICAL - 2023-04-30 20:00:28 --> Uncaught Error: Class "Locale" not found in C:\xampp\htdocs\tbcrestapi\system\I18n\TimeTrait.php:74
Stack trace:
#0 C:\xampp\htdocs\tbcrestapi\system\I18n\TimeTrait.php(115): CodeIgniter\I18n\Time->__construct(NULL, NULL, NULL)
#1 C:\xampp\htdocs\tbcrestapi\system\HTTP\ResponseTrait.php(468): CodeIgniter\I18n\Time::now()
#2 C:\xampp\htdocs\tbcrestapi\system\HTTP\ResponseTrait.php(446): CodeIgniter\HTTP\Response->sendHeaders()
#3 C:\xampp\htdocs\tbcrestapi\system\Debug\Exceptions.php(150): CodeIgniter\HTTP\Response->send()
#4 [internal function]: CodeIgniter\Debug\Exceptions->exceptionHandler(Object(CodeIgniter\Exceptions\FrameworkException))
#5 {main}
  thrown
【Previous Exception】
CodeIgniter\Exceptions\FrameworkException
The framework needs the following extension(s) installed and loaded: intl.
#0 C:\xampp\htdocs\tbcrestapi\system\CodeIgniter.php(226): CodeIgniter\Exceptions\FrameworkException::forMissingExtension('intl')
#1 C:\xampp\htdocs\tbcrestapi\system\CodeIgniter.php(190): CodeIgniter\CodeIgniter->resolvePlatformExtensions()
#2 C:\xampp\htdocs\tbcrestapi\public\index.php(55): CodeIgniter\CodeIgniter->initialize()
#3 {main}
in SYSTEMPATH\I18n\TimeTrait.php on line 74.
 1 [internal function]: CodeIgniter\Debug\Exceptions->shutdownHandler()
CRITICAL - 2023-04-30 20:02:45 --> The framework needs the following extension(s) installed and loaded: intl.
in SYSTEMPATH\CodeIgniter.php on line 226.
 1 SYSTEMPATH\CodeIgniter.php(226): CodeIgniter\Exceptions\FrameworkException::forMissingExtension('intl')
 2 SYSTEMPATH\CodeIgniter.php(190): CodeIgniter\CodeIgniter->resolvePlatformExtensions()
 3 FCPATH\index.php(55): CodeIgniter\CodeIgniter->initialize()
CRITICAL - 2023-04-30 20:02:45 --> Uncaught Error: Class "Locale" not found in C:\xampp\htdocs\tbcrestapi\system\I18n\TimeTrait.php:74
Stack trace:
#0 C:\xampp\htdocs\tbcrestapi\system\I18n\TimeTrait.php(115): CodeIgniter\I18n\Time->__construct(NULL, NULL, NULL)
#1 C:\xampp\htdocs\tbcrestapi\system\HTTP\ResponseTrait.php(468): CodeIgniter\I18n\Time::now()
#2 C:\xampp\htdocs\tbcrestapi\system\HTTP\ResponseTrait.php(446): CodeIgniter\HTTP\Response->sendHeaders()
#3 C:\xampp\htdocs\tbcrestapi\system\Debug\Exceptions.php(150): CodeIgniter\HTTP\Response->send()
#4 [internal function]: CodeIgniter\Debug\Exceptions->exceptionHandler(Object(CodeIgniter\Exceptions\FrameworkException))
#5 {main}
  thrown
【Previous Exception】
CodeIgniter\Exceptions\FrameworkException
The framework needs the following extension(s) installed and loaded: intl.
#0 C:\xampp\htdocs\tbcrestapi\system\CodeIgniter.php(226): CodeIgniter\Exceptions\FrameworkException::forMissingExtension('intl')
#1 C:\xampp\htdocs\tbcrestapi\system\CodeIgniter.php(190): CodeIgniter\CodeIgniter->resolvePlatformExtensions()
#2 C:\xampp\htdocs\tbcrestapi\public\index.php(55): CodeIgniter\CodeIgniter->initialize()
#3 {main}
in SYSTEMPATH\I18n\TimeTrait.php on line 74.
 1 [internal function]: CodeIgniter\Debug\Exceptions->shutdownHandler()
CRITICAL - 2023-04-30 20:03:15 --> The framework needs the following extension(s) installed and loaded: intl.
in SYSTEMPATH\CodeIgniter.php on line 226.
 1 SYSTEMPATH\CodeIgniter.php(226): CodeIgniter\Exceptions\FrameworkException::forMissingExtension('intl')
 2 SYSTEMPATH\CodeIgniter.php(190): CodeIgniter\CodeIgniter->resolvePlatformExtensions()
 3 FCPATH\index.php(55): CodeIgniter\CodeIgniter->initialize()
CRITICAL - 2023-04-30 20:03:15 --> Uncaught Error: Class "Locale" not found in C:\xampp\htdocs\tbcrestapi\system\I18n\TimeTrait.php:74
Stack trace:
#0 C:\xampp\htdocs\tbcrestapi\system\I18n\TimeTrait.php(115): CodeIgniter\I18n\Time->__construct(NULL, NULL, NULL)
#1 C:\xampp\htdocs\tbcrestapi\system\HTTP\ResponseTrait.php(468): CodeIgniter\I18n\Time::now()
#2 C:\xampp\htdocs\tbcrestapi\system\HTTP\ResponseTrait.php(446): CodeIgniter\HTTP\Response->sendHeaders()
#3 C:\xampp\htdocs\tbcrestapi\system\Debug\Exceptions.php(150): CodeIgniter\HTTP\Response->send()
#4 [internal function]: CodeIgniter\Debug\Exceptions->exceptionHandler(Object(CodeIgniter\Exceptions\FrameworkException))
#5 {main}
  thrown
【Previous Exception】
CodeIgniter\Exceptions\FrameworkException
The framework needs the following extension(s) installed and loaded: intl.
#0 C:\xampp\htdocs\tbcrestapi\system\CodeIgniter.php(226): CodeIgniter\Exceptions\FrameworkException::forMissingExtension('intl')
#1 C:\xampp\htdocs\tbcrestapi\system\CodeIgniter.php(190): CodeIgniter\CodeIgniter->resolvePlatformExtensions()
#2 C:\xampp\htdocs\tbcrestapi\public\index.php(55): CodeIgniter\CodeIgniter->initialize()
#3 {main}
in SYSTEMPATH\I18n\TimeTrait.php on line 74.
 1 [internal function]: CodeIgniter\Debug\Exceptions->shutdownHandler()
CRITICAL - 2023-04-30 20:05:28 --> The framework needs the following extension(s) installed and loaded: intl.
in SYSTEMPATH\CodeIgniter.php on line 226.
 1 SYSTEMPATH\CodeIgniter.php(226): CodeIgniter\Exceptions\FrameworkException::forMissingExtension('intl')
 2 SYSTEMPATH\CodeIgniter.php(190): CodeIgniter\CodeIgniter->resolvePlatformExtensions()
 3 FCPATH\index.php(55): CodeIgniter\CodeIgniter->initialize()
CRITICAL - 2023-04-30 20:05:28 --> Uncaught Error: Class "Locale" not found in C:\xampp\htdocs\tbcrestapi\system\I18n\TimeTrait.php:74
Stack trace:
#0 C:\xampp\htdocs\tbcrestapi\system\I18n\TimeTrait.php(115): CodeIgniter\I18n\Time->__construct(NULL, NULL, NULL)
#1 C:\xampp\htdocs\tbcrestapi\system\HTTP\ResponseTrait.php(468): CodeIgniter\I18n\Time::now()
#2 C:\xampp\htdocs\tbcrestapi\system\HTTP\ResponseTrait.php(446): CodeIgniter\HTTP\Response->sendHeaders()
#3 C:\xampp\htdocs\tbcrestapi\system\Debug\Exceptions.php(150): CodeIgniter\HTTP\Response->send()
#4 [internal function]: CodeIgniter\Debug\Exceptions->exceptionHandler(Object(CodeIgniter\Exceptions\FrameworkException))
#5 {main}
  thrown
【Previous Exception】
CodeIgniter\Exceptions\FrameworkException
The framework needs the following extension(s) installed and loaded: intl.
#0 C:\xampp\htdocs\tbcrestapi\system\CodeIgniter.php(226): CodeIgniter\Exceptions\FrameworkException::forMissingExtension('intl')
#1 C:\xampp\htdocs\tbcrestapi\system\CodeIgniter.php(190): CodeIgniter\CodeIgniter->resolvePlatformExtensions()
#2 C:\xampp\htdocs\tbcrestapi\public\index.php(55): CodeIgniter\CodeIgniter->initialize()
#3 {main}
in SYSTEMPATH\I18n\TimeTrait.php on line 74.
 1 [internal function]: CodeIgniter\Debug\Exceptions->shutdownHandler()
WARNING - 2023-04-30 18:05:51 --> [DEPRECATED] Creation of dynamic property App\Controllers\Pasien::$model is deprecated in APPPATH\Controllers\Pasien.php on line 14.
 1 SYSTEMPATH\CodeIgniter.php(906): App\Controllers\Pasien->__construct()
 2 SYSTEMPATH\CodeIgniter.php(490): CodeIgniter\CodeIgniter->createController()
 3 SYSTEMPATH\CodeIgniter.php(368): CodeIgniter\CodeIgniter->handleRequest(null, Object(Config\Cache), false)
 4 FCPATH\index.php(67): CodeIgniter\CodeIgniter->run()
 5 SYSTEMPATH\Commands\Server\rewrite.php(47): require_once('C:\\xampp\\htdocs\\tbcrestapi\\public\\index.php')
CRITICAL - 2023-04-30 20:05:52 --> The framework needs the following extension(s) installed and loaded: intl.
in SYSTEMPATH\CodeIgniter.php on line 226.
 1 SYSTEMPATH\CodeIgniter.php(226): CodeIgniter\Exceptions\FrameworkException::forMissingExtension('intl')
 2 SYSTEMPATH\CodeIgniter.php(190): CodeIgniter\CodeIgniter->resolvePlatformExtensions()
 3 FCPATH\index.php(55): CodeIgniter\CodeIgniter->initialize()
CRITICAL - 2023-04-30 20:05:52 --> Uncaught Error: Class "Locale" not found in C:\xampp\htdocs\tbcrestapi\system\I18n\TimeTrait.php:74
Stack trace:
#0 C:\xampp\htdocs\tbcrestapi\system\I18n\TimeTrait.php(115): CodeIgniter\I18n\Time->__construct(NULL, NULL, NULL)
#1 C:\xampp\htdocs\tbcrestapi\system\HTTP\ResponseTrait.php(468): CodeIgniter\I18n\Time::now()
#2 C:\xampp\htdocs\tbcrestapi\system\HTTP\ResponseTrait.php(446): CodeIgniter\HTTP\Response->sendHeaders()
#3 C:\xampp\htdocs\tbcrestapi\system\Debug\Exceptions.php(150): CodeIgniter\HTTP\Response->send()
#4 [internal function]: CodeIgniter\Debug\Exceptions->exceptionHandler(Object(CodeIgniter\Exceptions\FrameworkException))
#5 {main}
  thrown
【Previous Exception】
CodeIgniter\Exceptions\FrameworkException
The framework needs the following extension(s) installed and loaded: intl.
#0 C:\xampp\htdocs\tbcrestapi\system\CodeIgniter.php(226): CodeIgniter\Exceptions\FrameworkException::forMissingExtension('intl')
#1 C:\xampp\htdocs\tbcrestapi\system\CodeIgniter.php(190): CodeIgniter\CodeIgniter->resolvePlatformExtensions()
#2 C:\xampp\htdocs\tbcrestapi\public\index.php(55): CodeIgniter\CodeIgniter->initialize()
#3 {main}
in SYSTEMPATH\I18n\TimeTrait.php on line 74.
 1 [internal function]: CodeIgniter\Debug\Exceptions->shutdownHandler()
CRITICAL - 2023-04-30 20:07:09 --> The framework needs the following extension(s) installed and loaded: intl.
in SYSTEMPATH\CodeIgniter.php on line 226.
 1 SYSTEMPATH\CodeIgniter.php(226): CodeIgniter\Exceptions\FrameworkException::forMissingExtension('intl')
 2 SYSTEMPATH\CodeIgniter.php(190): CodeIgniter\CodeIgniter->resolvePlatformExtensions()
 3 FCPATH\index.php(55): CodeIgniter\CodeIgniter->initialize()
CRITICAL - 2023-04-30 20:07:09 --> Uncaught Error: Class "Locale" not found in C:\xampp\htdocs\tbcrestapi\system\I18n\TimeTrait.php:74
Stack trace:
#0 C:\xampp\htdocs\tbcrestapi\system\I18n\TimeTrait.php(115): CodeIgniter\I18n\Time->__construct(NULL, NULL, NULL)
#1 C:\xampp\htdocs\tbcrestapi\system\HTTP\ResponseTrait.php(468): CodeIgniter\I18n\Time::now()
#2 C:\xampp\htdocs\tbcrestapi\system\HTTP\ResponseTrait.php(446): CodeIgniter\HTTP\Response->sendHeaders()
#3 C:\xampp\htdocs\tbcrestapi\system\Debug\Exceptions.php(150): CodeIgniter\HTTP\Response->send()
#4 [internal function]: CodeIgniter\Debug\Exceptions->exceptionHandler(Object(CodeIgniter\Exceptions\FrameworkException))
#5 {main}
  thrown
【Previous Exception】
CodeIgniter\Exceptions\FrameworkException
The framework needs the following extension(s) installed and loaded: intl.
#0 C:\xampp\htdocs\tbcrestapi\system\CodeIgniter.php(226): CodeIgniter\Exceptions\FrameworkException::forMissingExtension('intl')
#1 C:\xampp\htdocs\tbcrestapi\system\CodeIgniter.php(190): CodeIgniter\CodeIgniter->resolvePlatformExtensions()
#2 C:\xampp\htdocs\tbcrestapi\public\index.php(55): CodeIgniter\CodeIgniter->initialize()
#3 {main}
in SYSTEMPATH\I18n\TimeTrait.php on line 74.
 1 [internal function]: CodeIgniter\Debug\Exceptions->shutdownHandler()
CRITICAL - 2023-04-30 20:07:13 --> The framework needs the following extension(s) installed and loaded: intl.
in SYSTEMPATH\CodeIgniter.php on line 226.
 1 SYSTEMPATH\CodeIgniter.php(226): CodeIgniter\Exceptions\FrameworkException::forMissingExtension('intl')
 2 SYSTEMPATH\CodeIgniter.php(190): CodeIgniter\CodeIgniter->resolvePlatformExtensions()
 3 FCPATH\index.php(55): CodeIgniter\CodeIgniter->initialize()
CRITICAL - 2023-04-30 20:07:13 --> Uncaught Error: Class "Locale" not found in C:\xampp\htdocs\tbcrestapi\system\I18n\TimeTrait.php:74
Stack trace:
#0 C:\xampp\htdocs\tbcrestapi\system\I18n\TimeTrait.php(115): CodeIgniter\I18n\Time->__construct(NULL, NULL, NULL)
#1 C:\xampp\htdocs\tbcrestapi\system\HTTP\ResponseTrait.php(468): CodeIgniter\I18n\Time::now()
#2 C:\xampp\htdocs\tbcrestapi\system\HTTP\ResponseTrait.php(446): CodeIgniter\HTTP\Response->sendHeaders()
#3 C:\xampp\htdocs\tbcrestapi\system\Debug\Exceptions.php(150): CodeIgniter\HTTP\Response->send()
#4 [internal function]: CodeIgniter\Debug\Exceptions->exceptionHandler(Object(CodeIgniter\Exceptions\FrameworkException))
#5 {main}
  thrown
【Previous Exception】
CodeIgniter\Exceptions\FrameworkException
The framework needs the following extension(s) installed and loaded: intl.
#0 C:\xampp\htdocs\tbcrestapi\system\CodeIgniter.php(226): CodeIgniter\Exceptions\FrameworkException::forMissingExtension('intl')
#1 C:\xampp\htdocs\tbcrestapi\system\CodeIgniter.php(190): CodeIgniter\CodeIgniter->resolvePlatformExtensions()
#2 C:\xampp\htdocs\tbcrestapi\public\index.php(55): CodeIgniter\CodeIgniter->initialize()
#3 {main}
in SYSTEMPATH\I18n\TimeTrait.php on line 74.
 1 [internal function]: CodeIgniter\Debug\Exceptions->shutdownHandler()
CRITICAL - 2023-04-30 20:07:14 --> The framework needs the following extension(s) installed and loaded: intl.
in SYSTEMPATH\CodeIgniter.php on line 226.
 1 SYSTEMPATH\CodeIgniter.php(226): CodeIgniter\Exceptions\FrameworkException::forMissingExtension('intl')
 2 SYSTEMPATH\CodeIgniter.php(190): CodeIgniter\CodeIgniter->resolvePlatformExtensions()
 3 FCPATH\index.php(55): CodeIgniter\CodeIgniter->initialize()
CRITICAL - 2023-04-30 20:07:14 --> Uncaught Error: Class "Locale" not found in C:\xampp\htdocs\tbcrestapi\system\I18n\TimeTrait.php:74
Stack trace:
#0 C:\xampp\htdocs\tbcrestapi\system\I18n\TimeTrait.php(115): CodeIgniter\I18n\Time->__construct(NULL, NULL, NULL)
#1 C:\xampp\htdocs\tbcrestapi\system\HTTP\ResponseTrait.php(468): CodeIgniter\I18n\Time::now()
#2 C:\xampp\htdocs\tbcrestapi\system\HTTP\ResponseTrait.php(446): CodeIgniter\HTTP\Response->sendHeaders()
#3 C:\xampp\htdocs\tbcrestapi\system\Debug\Exceptions.php(150): CodeIgniter\HTTP\Response->send()
#4 [internal function]: CodeIgniter\Debug\Exceptions->exceptionHandler(Object(CodeIgniter\Exceptions\FrameworkException))
#5 {main}
  thrown
【Previous Exception】
CodeIgniter\Exceptions\FrameworkException
The framework needs the following extension(s) installed and loaded: intl.
#0 C:\xampp\htdocs\tbcrestapi\system\CodeIgniter.php(226): CodeIgniter\Exceptions\FrameworkException::forMissingExtension('intl')
#1 C:\xampp\htdocs\tbcrestapi\system\CodeIgniter.php(190): CodeIgniter\CodeIgniter->resolvePlatformExtensions()
#2 C:\xampp\htdocs\tbcrestapi\public\index.php(55): CodeIgniter\CodeIgniter->initialize()
#3 {main}
in SYSTEMPATH\I18n\TimeTrait.php on line 74.
 1 [internal function]: CodeIgniter\Debug\Exceptions->shutdownHandler()
CRITICAL - 2023-04-30 20:07:15 --> The framework needs the following extension(s) installed and loaded: intl.
in SYSTEMPATH\CodeIgniter.php on line 226.
 1 SYSTEMPATH\CodeIgniter.php(226): CodeIgniter\Exceptions\FrameworkException::forMissingExtension('intl')
 2 SYSTEMPATH\CodeIgniter.php(190): CodeIgniter\CodeIgniter->resolvePlatformExtensions()
 3 FCPATH\index.php(55): CodeIgniter\CodeIgniter->initialize()
CRITICAL - 2023-04-30 20:07:15 --> Uncaught Error: Class "Locale" not found in C:\xampp\htdocs\tbcrestapi\system\I18n\TimeTrait.php:74
Stack trace:
#0 C:\xampp\htdocs\tbcrestapi\system\I18n\TimeTrait.php(115): CodeIgniter\I18n\Time->__construct(NULL, NULL, NULL)
#1 C:\xampp\htdocs\tbcrestapi\system\HTTP\ResponseTrait.php(468): CodeIgniter\I18n\Time::now()
#2 C:\xampp\htdocs\tbcrestapi\system\HTTP\ResponseTrait.php(446): CodeIgniter\HTTP\Response->sendHeaders()
#3 C:\xampp\htdocs\tbcrestapi\system\Debug\Exceptions.php(150): CodeIgniter\HTTP\Response->send()
#4 [internal function]: CodeIgniter\Debug\Exceptions->exceptionHandler(Object(CodeIgniter\Exceptions\FrameworkException))
#5 {main}
  thrown
【Previous Exception】
CodeIgniter\Exceptions\FrameworkException
The framework needs the following extension(s) installed and loaded: intl.
#0 C:\xampp\htdocs\tbcrestapi\system\CodeIgniter.php(226): CodeIgniter\Exceptions\FrameworkException::forMissingExtension('intl')
#1 C:\xampp\htdocs\tbcrestapi\system\CodeIgniter.php(190): CodeIgniter\CodeIgniter->resolvePlatformExtensions()
#2 C:\xampp\htdocs\tbcrestapi\public\index.php(55): CodeIgniter\CodeIgniter->initialize()
#3 {main}
in SYSTEMPATH\I18n\TimeTrait.php on line 74.
 1 [internal function]: CodeIgniter\Debug\Exceptions->shutdownHandler()
CRITICAL - 2023-04-30 20:07:16 --> The framework needs the following extension(s) installed and loaded: intl.
in SYSTEMPATH\CodeIgniter.php on line 226.
 1 SYSTEMPATH\CodeIgniter.php(226): CodeIgniter\Exceptions\FrameworkException::forMissingExtension('intl')
 2 SYSTEMPATH\CodeIgniter.php(190): CodeIgniter\CodeIgniter->resolvePlatformExtensions()
 3 FCPATH\index.php(55): CodeIgniter\CodeIgniter->initialize()
CRITICAL - 2023-04-30 20:07:16 --> Uncaught Error: Class "Locale" not found in C:\xampp\htdocs\tbcrestapi\system\I18n\TimeTrait.php:74
Stack trace:
#0 C:\xampp\htdocs\tbcrestapi\system\I18n\TimeTrait.php(115): CodeIgniter\I18n\Time->__construct(NULL, NULL, NULL)
#1 C:\xampp\htdocs\tbcrestapi\system\HTTP\ResponseTrait.php(468): CodeIgniter\I18n\Time::now()
#2 C:\xampp\htdocs\tbcrestapi\system\HTTP\ResponseTrait.php(446): CodeIgniter\HTTP\Response->sendHeaders()
#3 C:\xampp\htdocs\tbcrestapi\system\Debug\Exceptions.php(150): CodeIgniter\HTTP\Response->send()
#4 [internal function]: CodeIgniter\Debug\Exceptions->exceptionHandler(Object(CodeIgniter\Exceptions\FrameworkException))
#5 {main}
  thrown
【Previous Exception】
CodeIgniter\Exceptions\FrameworkException
The framework needs the following extension(s) installed and loaded: intl.
#0 C:\xampp\htdocs\tbcrestapi\system\CodeIgniter.php(226): CodeIgniter\Exceptions\FrameworkException::forMissingExtension('intl')
#1 C:\xampp\htdocs\tbcrestapi\system\CodeIgniter.php(190): CodeIgniter\CodeIgniter->resolvePlatformExtensions()
#2 C:\xampp\htdocs\tbcrestapi\public\index.php(55): CodeIgniter\CodeIgniter->initialize()
#3 {main}
in SYSTEMPATH\I18n\TimeTrait.php on line 74.
 1 [internal function]: CodeIgniter\Debug\Exceptions->shutdownHandler()
CRITICAL - 2023-04-30 20:07:16 --> The framework needs the following extension(s) installed and loaded: intl.
in SYSTEMPATH\CodeIgniter.php on line 226.
 1 SYSTEMPATH\CodeIgniter.php(226): CodeIgniter\Exceptions\FrameworkException::forMissingExtension('intl')
 2 SYSTEMPATH\CodeIgniter.php(190): CodeIgniter\CodeIgniter->resolvePlatformExtensions()
 3 FCPATH\index.php(55): CodeIgniter\CodeIgniter->initialize()
CRITICAL - 2023-04-30 20:07:16 --> Uncaught Error: Class "Locale" not found in C:\xampp\htdocs\tbcrestapi\system\I18n\TimeTrait.php:74
Stack trace:
#0 C:\xampp\htdocs\tbcrestapi\system\I18n\TimeTrait.php(115): CodeIgniter\I18n\Time->__construct(NULL, NULL, NULL)
#1 C:\xampp\htdocs\tbcrestapi\system\HTTP\ResponseTrait.php(468): CodeIgniter\I18n\Time::now()
#2 C:\xampp\htdocs\tbcrestapi\system\HTTP\ResponseTrait.php(446): CodeIgniter\HTTP\Response->sendHeaders()
#3 C:\xampp\htdocs\tbcrestapi\system\Debug\Exceptions.php(150): CodeIgniter\HTTP\Response->send()
#4 [internal function]: CodeIgniter\Debug\Exceptions->exceptionHandler(Object(CodeIgniter\Exceptions\FrameworkException))
#5 {main}
  thrown
【Previous Exception】
CodeIgniter\Exceptions\FrameworkException
The framework needs the following extension(s) installed and loaded: intl.
#0 C:\xampp\htdocs\tbcrestapi\system\CodeIgniter.php(226): CodeIgniter\Exceptions\FrameworkException::forMissingExtension('intl')
#1 C:\xampp\htdocs\tbcrestapi\system\CodeIgniter.php(190): CodeIgniter\CodeIgniter->resolvePlatformExtensions()
#2 C:\xampp\htdocs\tbcrestapi\public\index.php(55): CodeIgniter\CodeIgniter->initialize()
#3 {main}
in SYSTEMPATH\I18n\TimeTrait.php on line 74.
 1 [internal function]: CodeIgniter\Debug\Exceptions->shutdownHandler()
CRITICAL - 2023-04-30 20:07:17 --> The framework needs the following extension(s) installed and loaded: intl.
in SYSTEMPATH\CodeIgniter.php on line 226.
 1 SYSTEMPATH\CodeIgniter.php(226): CodeIgniter\Exceptions\FrameworkException::forMissingExtension('intl')
 2 SYSTEMPATH\CodeIgniter.php(190): CodeIgniter\CodeIgniter->resolvePlatformExtensions()
 3 FCPATH\index.php(55): CodeIgniter\CodeIgniter->initialize()
CRITICAL - 2023-04-30 20:07:17 --> Uncaught Error: Class "Locale" not found in C:\xampp\htdocs\tbcrestapi\system\I18n\TimeTrait.php:74
Stack trace:
#0 C:\xampp\htdocs\tbcrestapi\system\I18n\TimeTrait.php(115): CodeIgniter\I18n\Time->__construct(NULL, NULL, NULL)
#1 C:\xampp\htdocs\tbcrestapi\system\HTTP\ResponseTrait.php(468): CodeIgniter\I18n\Time::now()
#2 C:\xampp\htdocs\tbcrestapi\system\HTTP\ResponseTrait.php(446): CodeIgniter\HTTP\Response->sendHeaders()
#3 C:\xampp\htdocs\tbcrestapi\system\Debug\Exceptions.php(150): CodeIgniter\HTTP\Response->send()
#4 [internal function]: CodeIgniter\Debug\Exceptions->exceptionHandler(Object(CodeIgniter\Exceptions\FrameworkException))
#5 {main}
  thrown
【Previous Exception】
CodeIgniter\Exceptions\FrameworkException
The framework needs the following extension(s) installed and loaded: intl.
#0 C:\xampp\htdocs\tbcrestapi\system\CodeIgniter.php(226): CodeIgniter\Exceptions\FrameworkException::forMissingExtension('intl')
#1 C:\xampp\htdocs\tbcrestapi\system\CodeIgniter.php(190): CodeIgniter\CodeIgniter->resolvePlatformExtensions()
#2 C:\xampp\htdocs\tbcrestapi\public\index.php(55): CodeIgniter\CodeIgniter->initialize()
#3 {main}
in SYSTEMPATH\I18n\TimeTrait.php on line 74.
 1 [internal function]: CodeIgniter\Debug\Exceptions->shutdownHandler()
WARNING - 2023-04-30 18:12:49 --> [DEPRECATED] Creation of dynamic property App\Controllers\Pasien::$model is deprecated in APPPATH\Controllers\Pasien.php on line 14.
 1 SYSTEMPATH\CodeIgniter.php(906): App\Controllers\Pasien->__construct()
 2 SYSTEMPATH\CodeIgniter.php(490): CodeIgniter\CodeIgniter->createController()
 3 SYSTEMPATH\CodeIgniter.php(368): CodeIgniter\CodeIgniter->handleRequest(null, Object(Config\Cache), false)
 4 FCPATH\index.php(67): CodeIgniter\CodeIgniter->run()
CRITICAL - 2023-04-30 18:12:50 --> Allowed fields must be specified for model: "App\Models\ModelPasien"
in SYSTEMPATH\BaseModel.php on line 1242.
 1 SYSTEMPATH\BaseModel.php(1242): CodeIgniter\Database\Exceptions\DataException::forInvalidAllowedFields('App\\Models\\ModelPasien')
 2 SYSTEMPATH\BaseModel.php(757): CodeIgniter\BaseModel->doProtectFields([...])
 3 SYSTEMPATH\Model.php(730): CodeIgniter\BaseModel->insert([...], false)
 4 SYSTEMPATH\BaseModel.php(692): CodeIgniter\Model->insert([...], false)
 5 APPPATH\Controllers\Pasien.php(36): CodeIgniter\BaseModel->save([...])
 6 SYSTEMPATH\CodeIgniter.php(934): App\Controllers\Pasien->create()
 7 SYSTEMPATH\CodeIgniter.php(499): CodeIgniter\CodeIgniter->runController(Object(App\Controllers\Pasien))
 8 SYSTEMPATH\CodeIgniter.php(368): CodeIgniter\CodeIgniter->handleRequest(null, Object(Config\Cache), false)
 9 FCPATH\index.php(67): CodeIgniter\CodeIgniter->run()
WARNING - 2023-04-30 18:13:02 --> [DEPRECATED] Creation of dynamic property App\Controllers\Pasien::$model is deprecated in APPPATH\Controllers\Pasien.php on line 14.
 1 SYSTEMPATH\CodeIgniter.php(906): App\Controllers\Pasien->__construct()
 2 SYSTEMPATH\CodeIgniter.php(490): CodeIgniter\CodeIgniter->createController()
 3 SYSTEMPATH\CodeIgniter.php(368): CodeIgniter\CodeIgniter->handleRequest(null, Object(Config\Cache), false)
 4 FCPATH\index.php(67): CodeIgniter\CodeIgniter->run()
CRITICAL - 2023-04-30 18:13:02 --> Allowed fields must be specified for model: "App\Models\ModelPasien"
in SYSTEMPATH\BaseModel.php on line 1242.
 1 SYSTEMPATH\BaseModel.php(1242): CodeIgniter\Database\Exceptions\DataException::forInvalidAllowedFields('App\\Models\\ModelPasien')
 2 SYSTEMPATH\BaseModel.php(757): CodeIgniter\BaseModel->doProtectFields([...])
 3 SYSTEMPATH\Model.php(730): CodeIgniter\BaseModel->insert([...], false)
 4 SYSTEMPATH\BaseModel.php(692): CodeIgniter\Model->insert([...], false)
 5 APPPATH\Controllers\Pasien.php(36): CodeIgniter\BaseModel->save([...])
 6 SYSTEMPATH\CodeIgniter.php(934): App\Controllers\Pasien->create()
 7 SYSTEMPATH\CodeIgniter.php(499): CodeIgniter\CodeIgniter->runController(Object(App\Controllers\Pasien))
 8 SYSTEMPATH\CodeIgniter.php(368): CodeIgniter\CodeIgniter->handleRequest(null, Object(Config\Cache), false)
 9 FCPATH\index.php(67): CodeIgniter\CodeIgniter->run()
WARNING - 2023-04-30 18:15:10 --> [DEPRECATED] Creation of dynamic property App\Controllers\Pasien::$model is deprecated in APPPATH\Controllers\Pasien.php on line 14.
 1 SYSTEMPATH\CodeIgniter.php(906): App\Controllers\Pasien->__construct()
 2 SYSTEMPATH\CodeIgniter.php(490): CodeIgniter\CodeIgniter->createController()
 3 SYSTEMPATH\CodeIgniter.php(368): CodeIgniter\CodeIgniter->handleRequest(null, Object(Config\Cache), false)
 4 FCPATH\index.php(67): CodeIgniter\CodeIgniter->run()
CRITICAL - 2023-04-30 18:15:10 --> Allowed fields must be specified for model: "App\Models\ModelPasien"
in SYSTEMPATH\BaseModel.php on line 1242.
 1 SYSTEMPATH\BaseModel.php(1242): CodeIgniter\Database\Exceptions\DataException::forInvalidAllowedFields('App\\Models\\ModelPasien')
 2 SYSTEMPATH\BaseModel.php(757): CodeIgniter\BaseModel->doProtectFields([...])
 3 SYSTEMPATH\Model.php(730): CodeIgniter\BaseModel->insert([...], false)
 4 SYSTEMPATH\BaseModel.php(692): CodeIgniter\Model->insert([...], false)
 5 APPPATH\Controllers\Pasien.php(37): CodeIgniter\BaseModel->save([...])
 6 SYSTEMPATH\CodeIgniter.php(934): App\Controllers\Pasien->create()
 7 SYSTEMPATH\CodeIgniter.php(499): CodeIgniter\CodeIgniter->runController(Object(App\Controllers\Pasien))
 8 SYSTEMPATH\CodeIgniter.php(368): CodeIgniter\CodeIgniter->handleRequest(null, Object(Config\Cache), false)
 9 FCPATH\index.php(67): CodeIgniter\CodeIgniter->run()
WARNING - 2023-04-30 18:17:30 --> [DEPRECATED] Creation of dynamic property App\Controllers\Pasien::$model is deprecated in APPPATH\Controllers\Pasien.php on line 14.
 1 SYSTEMPATH\CodeIgniter.php(906): App\Controllers\Pasien->__construct()
 2 SYSTEMPATH\CodeIgniter.php(490): CodeIgniter\CodeIgniter->createController()
 3 SYSTEMPATH\CodeIgniter.php(368): CodeIgniter\CodeIgniter->handleRequest(null, Object(Config\Cache), false)
 4 FCPATH\index.php(67): CodeIgniter\CodeIgniter->run()
 5 SYSTEMPATH\Commands\Server\rewrite.php(47): require_once('C:\\xampp\\htdocs\\tbcrestapi\\public\\index.php')
WARNING - 2023-04-30 18:17:39 --> [DEPRECATED] Creation of dynamic property App\Controllers\Pasien::$model is deprecated in APPPATH\Controllers\Pasien.php on line 14.
 1 SYSTEMPATH\CodeIgniter.php(906): App\Controllers\Pasien->__construct()
 2 SYSTEMPATH\CodeIgniter.php(490): CodeIgniter\CodeIgniter->createController()
 3 SYSTEMPATH\CodeIgniter.php(368): CodeIgniter\CodeIgniter->handleRequest(null, Object(Config\Cache), false)
 4 FCPATH\index.php(67): CodeIgniter\CodeIgniter->run()
CRITICAL - 2023-04-30 18:17:39 --> Allowed fields must be specified for model: "App\Models\ModelPasien"
in SYSTEMPATH\BaseModel.php on line 1242.
 1 SYSTEMPATH\BaseModel.php(1242): CodeIgniter\Database\Exceptions\DataException::forInvalidAllowedFields('App\\Models\\ModelPasien')
 2 SYSTEMPATH\BaseModel.php(757): CodeIgniter\BaseModel->doProtectFields([...])
 3 SYSTEMPATH\Model.php(730): CodeIgniter\BaseModel->insert([...], false)
 4 SYSTEMPATH\BaseModel.php(692): CodeIgniter\Model->insert([...], false)
 5 APPPATH\Controllers\Pasien.php(37): CodeIgniter\BaseModel->save([...])
 6 SYSTEMPATH\CodeIgniter.php(934): App\Controllers\Pasien->create()
 7 SYSTEMPATH\CodeIgniter.php(499): CodeIgniter\CodeIgniter->runController(Object(App\Controllers\Pasien))
 8 SYSTEMPATH\CodeIgniter.php(368): CodeIgniter\CodeIgniter->handleRequest(null, Object(Config\Cache), false)
 9 FCPATH\index.php(67): CodeIgniter\CodeIgniter->run()
WARNING - 2023-04-30 18:20:07 --> [DEPRECATED] Creation of dynamic property App\Controllers\Pasien::$model is deprecated in APPPATH\Controllers\Pasien.php on line 14.
 1 SYSTEMPATH\CodeIgniter.php(906): App\Controllers\Pasien->__construct()
 2 SYSTEMPATH\CodeIgniter.php(490): CodeIgniter\CodeIgniter->createController()
 3 SYSTEMPATH\CodeIgniter.php(368): CodeIgniter\CodeIgniter->handleRequest(null, Object(Config\Cache), false)
 4 FCPATH\index.php(67): CodeIgniter\CodeIgniter->run()
CRITICAL - 2023-04-30 18:20:07 --> Allowed fields must be specified for model: "App\Models\ModelPasien"
in SYSTEMPATH\BaseModel.php on line 1242.
 1 SYSTEMPATH\BaseModel.php(1242): CodeIgniter\Database\Exceptions\DataException::forInvalidAllowedFields('App\\Models\\ModelPasien')
 2 SYSTEMPATH\BaseModel.php(757): CodeIgniter\BaseModel->doProtectFields([...])
 3 SYSTEMPATH\Model.php(730): CodeIgniter\BaseModel->insert([...], false)
 4 SYSTEMPATH\BaseModel.php(692): CodeIgniter\Model->insert([...], false)
 5 APPPATH\Controllers\Pasien.php(37): CodeIgniter\BaseModel->save([...])
 6 SYSTEMPATH\CodeIgniter.php(934): App\Controllers\Pasien->create()
 7 SYSTEMPATH\CodeIgniter.php(499): CodeIgniter\CodeIgniter->runController(Object(App\Controllers\Pasien))
 8 SYSTEMPATH\CodeIgniter.php(368): CodeIgniter\CodeIgniter->handleRequest(null, Object(Config\Cache), false)
 9 FCPATH\index.php(67): CodeIgniter\CodeIgniter->run()
WARNING - 2023-04-30 18:20:29 --> [DEPRECATED] Creation of dynamic property App\Controllers\Pasien::$model is deprecated in APPPATH\Controllers\Pasien.php on line 14.
 1 SYSTEMPATH\CodeIgniter.php(906): App\Controllers\Pasien->__construct()
 2 SYSTEMPATH\CodeIgniter.php(490): CodeIgniter\CodeIgniter->createController()
 3 SYSTEMPATH\CodeIgniter.php(368): CodeIgniter\CodeIgniter->handleRequest(null, Object(Config\Cache), false)
 4 FCPATH\index.php(67): CodeIgniter\CodeIgniter->run()
CRITICAL - 2023-04-30 18:20:29 --> Allowed fields must be specified for model: "App\Models\ModelPasien"
in SYSTEMPATH\BaseModel.php on line 1242.
 1 SYSTEMPATH\BaseModel.php(1242): CodeIgniter\Database\Exceptions\DataException::forInvalidAllowedFields('App\\Models\\ModelPasien')
 2 SYSTEMPATH\BaseModel.php(757): CodeIgniter\BaseModel->doProtectFields([...])
 3 SYSTEMPATH\Model.php(730): CodeIgniter\BaseModel->insert([...], false)
 4 SYSTEMPATH\BaseModel.php(692): CodeIgniter\Model->insert([...], false)
 5 APPPATH\Controllers\Pasien.php(37): CodeIgniter\BaseModel->save([...])
 6 SYSTEMPATH\CodeIgniter.php(934): App\Controllers\Pasien->create()
 7 SYSTEMPATH\CodeIgniter.php(499): CodeIgniter\CodeIgniter->runController(Object(App\Controllers\Pasien))
 8 SYSTEMPATH\CodeIgniter.php(368): CodeIgniter\CodeIgniter->handleRequest(null, Object(Config\Cache), false)
 9 FCPATH\index.php(67): CodeIgniter\CodeIgniter->run()
CRITICAL - 2023-04-30 18:22:02 --> Class "App\Models\BaseController" not found
in APPPATH\Controllers\Pasien.php on line 9.
 1 SYSTEMPATH\Autoloader\Autoloader.php(312): include_once()
 2 SYSTEMPATH\Autoloader\Autoloader.php(289): CodeIgniter\Autoloader\Autoloader->includeFile('C:\\xampp\\htdocs\\tbcrestapi\\app\\Controllers\\Pasien.php')
 3 SYSTEMPATH\Autoloader\Autoloader.php(267): CodeIgniter\Autoloader\Autoloader->loadInNamespace('App\\Controllers\\Pasien')
 4 [internal function]: CodeIgniter\Autoloader\Autoloader->loadClass('App\\Controllers\\Pasien')
 5 SYSTEMPATH\CodeIgniter.php(892): class_exists('\\App\\Controllers\\Pasien', true)
 6 SYSTEMPATH\CodeIgniter.php(486): CodeIgniter\CodeIgniter->startController()
 7 SYSTEMPATH\CodeIgniter.php(368): CodeIgniter\CodeIgniter->handleRequest(null, Object(Config\Cache), false)
 8 FCPATH\index.php(67): CodeIgniter\CodeIgniter->run()
WARNING - 2023-04-30 18:22:22 --> [DEPRECATED] Creation of dynamic property App\Controllers\Pasien::$model is deprecated in APPPATH\Controllers\Pasien.php on line 15.
 1 SYSTEMPATH\CodeIgniter.php(906): App\Controllers\Pasien->__construct()
 2 SYSTEMPATH\CodeIgniter.php(490): CodeIgniter\CodeIgniter->createController()
 3 SYSTEMPATH\CodeIgniter.php(368): CodeIgniter\CodeIgniter->handleRequest(null, Object(Config\Cache), false)
 4 FCPATH\index.php(67): CodeIgniter\CodeIgniter->run()
CRITICAL - 2023-04-30 18:22:22 --> Allowed fields must be specified for model: "App\Models\ModelPasien"
in SYSTEMPATH\BaseModel.php on line 1242.
 1 SYSTEMPATH\BaseModel.php(1242): CodeIgniter\Database\Exceptions\DataException::forInvalidAllowedFields('App\\Models\\ModelPasien')
 2 SYSTEMPATH\BaseModel.php(757): CodeIgniter\BaseModel->doProtectFields([...])
 3 SYSTEMPATH\Model.php(730): CodeIgniter\BaseModel->insert([...], false)
 4 SYSTEMPATH\BaseModel.php(692): CodeIgniter\Model->insert([...], false)
 5 APPPATH\Controllers\Pasien.php(38): CodeIgniter\BaseModel->save([...])
 6 SYSTEMPATH\CodeIgniter.php(934): App\Controllers\Pasien->create()
 7 SYSTEMPATH\CodeIgniter.php(499): CodeIgniter\CodeIgniter->runController(Object(App\Controllers\Pasien))
 8 SYSTEMPATH\CodeIgniter.php(368): CodeIgniter\CodeIgniter->handleRequest(null, Object(Config\Cache), false)
 9 FCPATH\index.php(67): CodeIgniter\CodeIgniter->run()
WARNING - 2023-04-30 18:26:11 --> [DEPRECATED] Creation of dynamic property App\Controllers\Pasien::$model is deprecated in APPPATH\Controllers\Pasien.php on line 15.
 1 SYSTEMPATH\CodeIgniter.php(906): App\Controllers\Pasien->__construct()
 2 SYSTEMPATH\CodeIgniter.php(490): CodeIgniter\CodeIgniter->createController()
 3 SYSTEMPATH\CodeIgniter.php(368): CodeIgniter\CodeIgniter->handleRequest(null, Object(Config\Cache), false)
 4 FCPATH\index.php(67): CodeIgniter\CodeIgniter->run()
WARNING - 2023-04-30 18:42:05 --> [DEPRECATED] Creation of dynamic property App\Controllers\Pasien::$model is deprecated in APPPATH\Controllers\Pasien.php on line 15.
 1 SYSTEMPATH\CodeIgniter.php(906): App\Controllers\Pasien->__construct()
 2 SYSTEMPATH\CodeIgniter.php(490): CodeIgniter\CodeIgniter->createController()
 3 SYSTEMPATH\CodeIgniter.php(368): CodeIgniter\CodeIgniter->handleRequest(null, Object(Config\Cache), false)
 4 FCPATH\index.php(67): CodeIgniter\CodeIgniter->run()
WARNING - 2023-04-30 18:42:26 --> [DEPRECATED] Creation of dynamic property App\Controllers\Pasien::$model is deprecated in APPPATH\Controllers\Pasien.php on line 15.
 1 SYSTEMPATH\CodeIgniter.php(906): App\Controllers\Pasien->__construct()
 2 SYSTEMPATH\CodeIgniter.php(490): CodeIgniter\CodeIgniter->createController()
 3 SYSTEMPATH\CodeIgniter.php(368): CodeIgniter\CodeIgniter->handleRequest(null, Object(Config\Cache), false)
 4 FCPATH\index.php(67): CodeIgniter\CodeIgniter->run()
WARNING - 2023-04-30 18:43:18 --> [DEPRECATED] Creation of dynamic property App\Controllers\Pasien::$model is deprecated in APPPATH\Controllers\Pasien.php on line 15.
 1 SYSTEMPATH\CodeIgniter.php(906): App\Controllers\Pasien->__construct()
 2 SYSTEMPATH\CodeIgniter.php(490): CodeIgniter\CodeIgniter->createController()
 3 SYSTEMPATH\CodeIgniter.php(368): CodeIgniter\CodeIgniter->handleRequest(null, Object(Config\Cache), false)
 4 FCPATH\index.php(67): CodeIgniter\CodeIgniter->run()
WARNING - 2023-04-30 18:56:20 --> [DEPRECATED] Creation of dynamic property App\Controllers\Pasien::$model is deprecated in APPPATH\Controllers\Pasien.php on line 15.
 1 SYSTEMPATH\CodeIgniter.php(906): App\Controllers\Pasien->__construct()
 2 SYSTEMPATH\CodeIgniter.php(490): CodeIgniter\CodeIgniter->createController()
 3 SYSTEMPATH\CodeIgniter.php(368): CodeIgniter\CodeIgniter->handleRequest(null, Object(Config\Cache), false)
 4 FCPATH\index.php(67): CodeIgniter\CodeIgniter->run()
 5 SYSTEMPATH\Commands\Server\rewrite.php(47): require_once('C:\\xampp\\htdocs\\tbcrestapi\\public\\index.php')
WARNING - 2023-04-30 19:00:30 --> [DEPRECATED] Creation of dynamic property App\Controllers\Pasien::$model is deprecated in APPPATH\Controllers\Pasien.php on line 15.
 1 SYSTEMPATH\CodeIgniter.php(906): App\Controllers\Pasien->__construct()
 2 SYSTEMPATH\CodeIgniter.php(490): CodeIgniter\CodeIgniter->createController()
 3 SYSTEMPATH\CodeIgniter.php(368): CodeIgniter\CodeIgniter->handleRequest(null, Object(Config\Cache), false)
 4 FCPATH\index.php(67): CodeIgniter\CodeIgniter->run()
 5 SYSTEMPATH\Commands\Server\rewrite.php(47): require_once('C:\\xampp\\htdocs\\tbcrestapi\\public\\index.php')
WARNING - 2023-04-30 19:00:35 --> [DEPRECATED] Creation of dynamic property App\Controllers\Pasien::$model is deprecated in APPPATH\Controllers\Pasien.php on line 15.
 1 SYSTEMPATH\CodeIgniter.php(906): App\Controllers\Pasien->__construct()
 2 SYSTEMPATH\CodeIgniter.php(490): CodeIgniter\CodeIgniter->createController()
 3 SYSTEMPATH\CodeIgniter.php(368): CodeIgniter\CodeIgniter->handleRequest(null, Object(Config\Cache), false)
 4 FCPATH\index.php(67): CodeIgniter\CodeIgniter->run()
 5 SYSTEMPATH\Commands\Server\rewrite.php(47): require_once('C:\\xampp\\htdocs\\tbcrestapi\\public\\index.php')
WARNING - 2023-04-30 19:00:38 --> [DEPRECATED] Creation of dynamic property App\Controllers\Pasien::$model is deprecated in APPPATH\Controllers\Pasien.php on line 15.
 1 SYSTEMPATH\CodeIgniter.php(906): App\Controllers\Pasien->__construct()
 2 SYSTEMPATH\CodeIgniter.php(490): CodeIgniter\CodeIgniter->createController()
 3 SYSTEMPATH\CodeIgniter.php(368): CodeIgniter\CodeIgniter->handleRequest(null, Object(Config\Cache), false)
 4 FCPATH\index.php(67): CodeIgniter\CodeIgniter->run()
 5 SYSTEMPATH\Commands\Server\rewrite.php(47): require_once('C:\\xampp\\htdocs\\tbcrestapi\\public\\index.php')
WARNING - 2023-04-30 19:00:41 --> [DEPRECATED] Creation of dynamic property App\Controllers\Pasien::$model is deprecated in APPPATH\Controllers\Pasien.php on line 15.
 1 SYSTEMPATH\CodeIgniter.php(906): App\Controllers\Pasien->__construct()
 2 SYSTEMPATH\CodeIgniter.php(490): CodeIgniter\CodeIgniter->createController()
 3 SYSTEMPATH\CodeIgniter.php(368): CodeIgniter\CodeIgniter->handleRequest(null, Object(Config\Cache), false)
 4 FCPATH\index.php(67): CodeIgniter\CodeIgniter->run()
 5 SYSTEMPATH\Commands\Server\rewrite.php(47): require_once('C:\\xampp\\htdocs\\tbcrestapi\\public\\index.php')
WARNING - 2023-04-30 19:00:44 --> [DEPRECATED] Creation of dynamic property App\Controllers\Pasien::$model is deprecated in APPPATH\Controllers\Pasien.php on line 15.
 1 SYSTEMPATH\CodeIgniter.php(906): App\Controllers\Pasien->__construct()
 2 SYSTEMPATH\CodeIgniter.php(490): CodeIgniter\CodeIgniter->createController()
 3 SYSTEMPATH\CodeIgniter.php(368): CodeIgniter\CodeIgniter->handleRequest(null, Object(Config\Cache), false)
 4 FCPATH\index.php(67): CodeIgniter\CodeIgniter->run()
 5 SYSTEMPATH\Commands\Server\rewrite.php(47): require_once('C:\\xampp\\htdocs\\tbcrestapi\\public\\index.php')
WARNING - 2023-04-30 19:00:47 --> [DEPRECATED] Creation of dynamic property App\Controllers\Pasien::$model is deprecated in APPPATH\Controllers\Pasien.php on line 15.
 1 SYSTEMPATH\CodeIgniter.php(906): App\Controllers\Pasien->__construct()
 2 SYSTEMPATH\CodeIgniter.php(490): CodeIgniter\CodeIgniter->createController()
 3 SYSTEMPATH\CodeIgniter.php(368): CodeIgniter\CodeIgniter->handleRequest(null, Object(Config\Cache), false)
 4 FCPATH\index.php(67): CodeIgniter\CodeIgniter->run()
 5 SYSTEMPATH\Commands\Server\rewrite.php(47): require_once('C:\\xampp\\htdocs\\tbcrestapi\\public\\index.php')
WARNING - 2023-04-30 19:00:54 --> [DEPRECATED] Creation of dynamic property App\Controllers\Pasien::$model is deprecated in APPPATH\Controllers\Pasien.php on line 15.
 1 SYSTEMPATH\CodeIgniter.php(906): App\Controllers\Pasien->__construct()
 2 SYSTEMPATH\CodeIgniter.php(490): CodeIgniter\CodeIgniter->createController()
 3 SYSTEMPATH\CodeIgniter.php(368): CodeIgniter\CodeIgniter->handleRequest(null, Object(Config\Cache), false)
 4 FCPATH\index.php(67): CodeIgniter\CodeIgniter->run()
 5 SYSTEMPATH\Commands\Server\rewrite.php(47): require_once('C:\\xampp\\htdocs\\tbcrestapi\\public\\index.php')
WARNING - 2023-04-30 19:02:13 --> [DEPRECATED] Creation of dynamic property App\Controllers\Pasien::$model is deprecated in APPPATH\Controllers\Pasien.php on line 15.
 1 SYSTEMPATH\CodeIgniter.php(906): App\Controllers\Pasien->__construct()
 2 SYSTEMPATH\CodeIgniter.php(490): CodeIgniter\CodeIgniter->createController()
 3 SYSTEMPATH\CodeIgniter.php(368): CodeIgniter\CodeIgniter->handleRequest(null, Object(Config\Cache), false)
 4 FCPATH\index.php(67): CodeIgniter\CodeIgniter->run()
WARNING - 2023-04-30 19:02:29 --> [DEPRECATED] Creation of dynamic property App\Controllers\Pasien::$model is deprecated in APPPATH\Controllers\Pasien.php on line 15.
 1 SYSTEMPATH\CodeIgniter.php(906): App\Controllers\Pasien->__construct()
 2 SYSTEMPATH\CodeIgniter.php(490): CodeIgniter\CodeIgniter->createController()
 3 SYSTEMPATH\CodeIgniter.php(368): CodeIgniter\CodeIgniter->handleRequest(null, Object(Config\Cache), false)
 4 FCPATH\index.php(67): CodeIgniter\CodeIgniter->run()
 5 SYSTEMPATH\Commands\Server\rewrite.php(47): require_once('C:\\xampp\\htdocs\\tbcrestapi\\public\\index.php')
WARNING - 2023-04-30 19:03:19 --> [DEPRECATED] Creation of dynamic property App\Controllers\Pasien::$model is deprecated in APPPATH\Controllers\Pasien.php on line 15.
 1 SYSTEMPATH\CodeIgniter.php(906): App\Controllers\Pasien->__construct()
 2 SYSTEMPATH\CodeIgniter.php(490): CodeIgniter\CodeIgniter->createController()
 3 SYSTEMPATH\CodeIgniter.php(368): CodeIgniter\CodeIgniter->handleRequest(null, Object(Config\Cache), false)
 4 FCPATH\index.php(67): CodeIgniter\CodeIgniter->run()
 5 SYSTEMPATH\Commands\Server\rewrite.php(47): require_once('C:\\xampp\\htdocs\\tbcrestapi\\public\\index.php')
WARNING - 2023-04-30 19:03:22 --> [DEPRECATED] Creation of dynamic property App\Controllers\Pasien::$model is deprecated in APPPATH\Controllers\Pasien.php on line 15.
 1 SYSTEMPATH\CodeIgniter.php(906): App\Controllers\Pasien->__construct()
 2 SYSTEMPATH\CodeIgniter.php(490): CodeIgniter\CodeIgniter->createController()
 3 SYSTEMPATH\CodeIgniter.php(368): CodeIgniter\CodeIgniter->handleRequest(null, Object(Config\Cache), false)
 4 FCPATH\index.php(67): CodeIgniter\CodeIgniter->run()
 5 SYSTEMPATH\Commands\Server\rewrite.php(47): require_once('C:\\xampp\\htdocs\\tbcrestapi\\public\\index.php')
WARNING - 2023-04-30 19:03:26 --> [DEPRECATED] Creation of dynamic property App\Controllers\Pasien::$model is deprecated in APPPATH\Controllers\Pasien.php on line 15.
 1 SYSTEMPATH\CodeIgniter.php(906): App\Controllers\Pasien->__construct()
 2 SYSTEMPATH\CodeIgniter.php(490): CodeIgniter\CodeIgniter->createController()
 3 SYSTEMPATH\CodeIgniter.php(368): CodeIgniter\CodeIgniter->handleRequest(null, Object(Config\Cache), false)
 4 FCPATH\index.php(67): CodeIgniter\CodeIgniter->run()
 5 SYSTEMPATH\Commands\Server\rewrite.php(47): require_once('C:\\xampp\\htdocs\\tbcrestapi\\public\\index.php')
WARNING - 2023-04-30 19:14:37 --> [DEPRECATED] Creation of dynamic property App\Controllers\Pasien::$model is deprecated in APPPATH\Controllers\Pasien.php on line 15.
 1 SYSTEMPATH\CodeIgniter.php(906): App\Controllers\Pasien->__construct()
 2 SYSTEMPATH\CodeIgniter.php(490): CodeIgniter\CodeIgniter->createController()
 3 SYSTEMPATH\CodeIgniter.php(368): CodeIgniter\CodeIgniter->handleRequest(null, Object(Config\Cache), false)
 4 FCPATH\index.php(67): CodeIgniter\CodeIgniter->run()
 5 SYSTEMPATH\Commands\Server\rewrite.php(47): require_once('C:\\xampp\\htdocs\\tbcrestapi\\public\\index.php')
WARNING - 2023-04-30 19:16:02 --> [DEPRECATED] Creation of dynamic property App\Controllers\Pasien::$model is deprecated in APPPATH\Controllers\Pasien.php on line 15.
 1 SYSTEMPATH\CodeIgniter.php(906): App\Controllers\Pasien->__construct()
 2 SYSTEMPATH\CodeIgniter.php(490): CodeIgniter\CodeIgniter->createController()
 3 SYSTEMPATH\CodeIgniter.php(368): CodeIgniter\CodeIgniter->handleRequest(null, Object(Config\Cache), false)
 4 FCPATH\index.php(67): CodeIgniter\CodeIgniter->run()
 5 SYSTEMPATH\Commands\Server\rewrite.php(47): require_once('C:\\xampp\\htdocs\\tbcrestapi\\public\\index.php')
CRITICAL - 2023-04-30 19:16:02 --> There is no data to update.
in SYSTEMPATH\BaseModel.php on line 924.
 1 SYSTEMPATH\BaseModel.php(924): CodeIgniter\Database\Exceptions\DataException::forEmptyDataset('update')
 2 SYSTEMPATH\Model.php(756): CodeIgniter\BaseModel->update([...], [])
 3 SYSTEMPATH\BaseModel.php(690): CodeIgniter\Model->update('1', [...])
 4 APPPATH\Controllers\Pasien.php(72): CodeIgniter\BaseModel->save([...])
 5 SYSTEMPATH\CodeIgniter.php(934): App\Controllers\Pasien->update('1')
 6 SYSTEMPATH\CodeIgniter.php(499): CodeIgniter\CodeIgniter->runController(Object(App\Controllers\Pasien))
 7 SYSTEMPATH\CodeIgniter.php(368): CodeIgniter\CodeIgniter->handleRequest(null, Object(Config\Cache), false)
 8 FCPATH\index.php(67): CodeIgniter\CodeIgniter->run()
 9 SYSTEMPATH\Commands\Server\rewrite.php(47): require_once('C:\\xampp\\htdocs\\tbcrestapi\\public\\index.php')
WARNING - 2023-04-30 19:16:47 --> [DEPRECATED] Creation of dynamic property App\Controllers\Pasien::$model is deprecated in APPPATH\Controllers\Pasien.php on line 15.
 1 SYSTEMPATH\CodeIgniter.php(906): App\Controllers\Pasien->__construct()
 2 SYSTEMPATH\CodeIgniter.php(490): CodeIgniter\CodeIgniter->createController()
 3 SYSTEMPATH\CodeIgniter.php(368): CodeIgniter\CodeIgniter->handleRequest(null, Object(Config\Cache), false)
 4 FCPATH\index.php(67): CodeIgniter\CodeIgniter->run()
 5 SYSTEMPATH\Commands\Server\rewrite.php(47): require_once('C:\\xampp\\htdocs\\tbcrestapi\\public\\index.php')
WARNING - 2023-04-30 19:17:11 --> [DEPRECATED] Creation of dynamic property App\Controllers\Pasien::$model is deprecated in APPPATH\Controllers\Pasien.php on line 15.
 1 SYSTEMPATH\CodeIgniter.php(906): App\Controllers\Pasien->__construct()
 2 SYSTEMPATH\CodeIgniter.php(490): CodeIgniter\CodeIgniter->createController()
 3 SYSTEMPATH\CodeIgniter.php(368): CodeIgniter\CodeIgniter->handleRequest(null, Object(Config\Cache), false)
 4 FCPATH\index.php(67): CodeIgniter\CodeIgniter->run()
 5 SYSTEMPATH\Commands\Server\rewrite.php(47): require_once('C:\\xampp\\htdocs\\tbcrestapi\\public\\index.php')
WARNING - 2023-04-30 19:17:22 --> [DEPRECATED] Creation of dynamic property App\Controllers\Pasien::$model is deprecated in APPPATH\Controllers\Pasien.php on line 15.
 1 SYSTEMPATH\CodeIgniter.php(906): App\Controllers\Pasien->__construct()
 2 SYSTEMPATH\CodeIgniter.php(490): CodeIgniter\CodeIgniter->createController()
 3 SYSTEMPATH\CodeIgniter.php(368): CodeIgniter\CodeIgniter->handleRequest(null, Object(Config\Cache), false)
 4 FCPATH\index.php(67): CodeIgniter\CodeIgniter->run()
 5 SYSTEMPATH\Commands\Server\rewrite.php(47): require_once('C:\\xampp\\htdocs\\tbcrestapi\\public\\index.php')
WARNING - 2023-04-30 19:18:13 --> [DEPRECATED] Creation of dynamic property App\Controllers\Pasien::$model is deprecated in APPPATH\Controllers\Pasien.php on line 15.
 1 SYSTEMPATH\CodeIgniter.php(906): App\Controllers\Pasien->__construct()
 2 SYSTEMPATH\CodeIgniter.php(490): CodeIgniter\CodeIgniter->createController()
 3 SYSTEMPATH\CodeIgniter.php(368): CodeIgniter\CodeIgniter->handleRequest(null, Object(Config\Cache), false)
 4 FCPATH\index.php(67): CodeIgniter\CodeIgniter->run()
 5 SYSTEMPATH\Commands\Server\rewrite.php(47): require_once('C:\\xampp\\htdocs\\tbcrestapi\\public\\index.php')
WARNING - 2023-04-30 19:18:36 --> [DEPRECATED] Creation of dynamic property App\Controllers\Pasien::$model is deprecated in APPPATH\Controllers\Pasien.php on line 15.
 1 SYSTEMPATH\CodeIgniter.php(906): App\Controllers\Pasien->__construct()
 2 SYSTEMPATH\CodeIgniter.php(490): CodeIgniter\CodeIgniter->createController()
 3 SYSTEMPATH\CodeIgniter.php(368): CodeIgniter\CodeIgniter->handleRequest(null, Object(Config\Cache), false)
 4 FCPATH\index.php(67): CodeIgniter\CodeIgniter->run()
 5 SYSTEMPATH\Commands\Server\rewrite.php(47): require_once('C:\\xampp\\htdocs\\tbcrestapi\\public\\index.php')
WARNING - 2023-04-30 19:20:37 --> [DEPRECATED] Creation of dynamic property App\Controllers\Pasien::$model is deprecated in APPPATH\Controllers\Pasien.php on line 15.
 1 SYSTEMPATH\CodeIgniter.php(906): App\Controllers\Pasien->__construct()
 2 SYSTEMPATH\CodeIgniter.php(490): CodeIgniter\CodeIgniter->createController()
 3 SYSTEMPATH\CodeIgniter.php(368): CodeIgniter\CodeIgniter->handleRequest(null, Object(Config\Cache), false)
 4 FCPATH\index.php(67): CodeIgniter\CodeIgniter->run()
 5 SYSTEMPATH\Commands\Server\rewrite.php(47): require_once('C:\\xampp\\htdocs\\tbcrestapi\\public\\index.php')
CRITICAL - 2023-04-30 19:20:37 --> There is no data to update.
in SYSTEMPATH\BaseModel.php on line 924.
 1 SYSTEMPATH\BaseModel.php(924): CodeIgniter\Database\Exceptions\DataException::forEmptyDataset('update')
 2 SYSTEMPATH\Model.php(756): CodeIgniter\BaseModel->update([...], [])
 3 SYSTEMPATH\BaseModel.php(690): CodeIgniter\Model->update('3', [...])
 4 APPPATH\Controllers\Pasien.php(72): CodeIgniter\BaseModel->save([...])
 5 SYSTEMPATH\CodeIgniter.php(934): App\Controllers\Pasien->update('3')
 6 SYSTEMPATH\CodeIgniter.php(499): CodeIgniter\CodeIgniter->runController(Object(App\Controllers\Pasien))
 7 SYSTEMPATH\CodeIgniter.php(368): CodeIgniter\CodeIgniter->handleRequest(null, Object(Config\Cache), false)
 8 FCPATH\index.php(67): CodeIgniter\CodeIgniter->run()
 9 SYSTEMPATH\Commands\Server\rewrite.php(47): require_once('C:\\xampp\\htdocs\\tbcrestapi\\public\\index.php')
WARNING - 2023-04-30 19:22:47 --> [DEPRECATED] Creation of dynamic property App\Controllers\Pasien::$model is deprecated in APPPATH\Controllers\Pasien.php on line 15.
 1 SYSTEMPATH\CodeIgniter.php(906): App\Controllers\Pasien->__construct()
 2 SYSTEMPATH\CodeIgniter.php(490): CodeIgniter\CodeIgniter->createController()
 3 SYSTEMPATH\CodeIgniter.php(368): CodeIgniter\CodeIgniter->handleRequest(null, Object(Config\Cache), false)
 4 FCPATH\index.php(67): CodeIgniter\CodeIgniter->run()
 5 SYSTEMPATH\Commands\Server\rewrite.php(47): require_once('C:\\xampp\\htdocs\\tbcrestapi\\public\\index.php')
WARNING - 2023-04-30 19:22:54 --> [DEPRECATED] Creation of dynamic property App\Controllers\Pasien::$model is deprecated in APPPATH\Controllers\Pasien.php on line 15.
 1 SYSTEMPATH\CodeIgniter.php(906): App\Controllers\Pasien->__construct()
 2 SYSTEMPATH\CodeIgniter.php(490): CodeIgniter\CodeIgniter->createController()
 3 SYSTEMPATH\CodeIgniter.php(368): CodeIgniter\CodeIgniter->handleRequest(null, Object(Config\Cache), false)
 4 FCPATH\index.php(67): CodeIgniter\CodeIgniter->run()
 5 SYSTEMPATH\Commands\Server\rewrite.php(47): require_once('C:\\xampp\\htdocs\\tbcrestapi\\public\\index.php')
CRITICAL - 2023-04-30 19:22:54 --> There is no data to update.
in SYSTEMPATH\BaseModel.php on line 924.
 1 SYSTEMPATH\BaseModel.php(924): CodeIgniter\Database\Exceptions\DataException::forEmptyDataset('update')
 2 SYSTEMPATH\Model.php(756): CodeIgniter\BaseModel->update([...], [])
 3 SYSTEMPATH\BaseModel.php(690): CodeIgniter\Model->update('3', [...])
 4 APPPATH\Controllers\Pasien.php(72): CodeIgniter\BaseModel->save([...])
 5 SYSTEMPATH\CodeIgniter.php(934): App\Controllers\Pasien->update('3')
 6 SYSTEMPATH\CodeIgniter.php(499): CodeIgniter\CodeIgniter->runController(Object(App\Controllers\Pasien))
 7 SYSTEMPATH\CodeIgniter.php(368): CodeIgniter\CodeIgniter->handleRequest(null, Object(Config\Cache), false)
 8 FCPATH\index.php(67): CodeIgniter\CodeIgniter->run()
 9 SYSTEMPATH\Commands\Server\rewrite.php(47): require_once('C:\\xampp\\htdocs\\tbcrestapi\\public\\index.php')
WARNING - 2023-04-30 19:23:19 --> [DEPRECATED] Creation of dynamic property App\Controllers\Pasien::$model is deprecated in APPPATH\Controllers\Pasien.php on line 15.
 1 SYSTEMPATH\CodeIgniter.php(906): App\Controllers\Pasien->__construct()
 2 SYSTEMPATH\CodeIgniter.php(490): CodeIgniter\CodeIgniter->createController()
 3 SYSTEMPATH\CodeIgniter.php(368): CodeIgniter\CodeIgniter->handleRequest(null, Object(Config\Cache), false)
 4 FCPATH\index.php(67): CodeIgniter\CodeIgniter->run()
 5 SYSTEMPATH\Commands\Server\rewrite.php(47): require_once('C:\\xampp\\htdocs\\tbcrestapi\\public\\index.php')
CRITICAL - 2023-04-30 19:23:19 --> There is no data to update.
in SYSTEMPATH\BaseModel.php on line 924.
 1 SYSTEMPATH\BaseModel.php(924): CodeIgniter\Database\Exceptions\DataException::forEmptyDataset('update')
 2 SYSTEMPATH\Model.php(756): CodeIgniter\BaseModel->update([...], [])
 3 SYSTEMPATH\BaseModel.php(690): CodeIgniter\Model->update('3', [...])
 4 APPPATH\Controllers\Pasien.php(72): CodeIgniter\BaseModel->save([...])
 5 SYSTEMPATH\CodeIgniter.php(934): App\Controllers\Pasien->update('3')
 6 SYSTEMPATH\CodeIgniter.php(499): CodeIgniter\CodeIgniter->runController(Object(App\Controllers\Pasien))
 7 SYSTEMPATH\CodeIgniter.php(368): CodeIgniter\CodeIgniter->handleRequest(null, Object(Config\Cache), false)
 8 FCPATH\index.php(67): CodeIgniter\CodeIgniter->run()
 9 SYSTEMPATH\Commands\Server\rewrite.php(47): require_once('C:\\xampp\\htdocs\\tbcrestapi\\public\\index.php')
WARNING - 2023-04-30 19:23:25 --> [DEPRECATED] Creation of dynamic property App\Controllers\Pasien::$model is deprecated in APPPATH\Controllers\Pasien.php on line 15.
 1 SYSTEMPATH\CodeIgniter.php(906): App\Controllers\Pasien->__construct()
 2 SYSTEMPATH\CodeIgniter.php(490): CodeIgniter\CodeIgniter->createController()
 3 SYSTEMPATH\CodeIgniter.php(368): CodeIgniter\CodeIgniter->handleRequest(null, Object(Config\Cache), false)
 4 FCPATH\index.php(67): CodeIgniter\CodeIgniter->run()
 5 SYSTEMPATH\Commands\Server\rewrite.php(47): require_once('C:\\xampp\\htdocs\\tbcrestapi\\public\\index.php')
CRITICAL - 2023-04-30 19:23:25 --> There is no data to update.
in SYSTEMPATH\BaseModel.php on line 924.
 1 SYSTEMPATH\BaseModel.php(924): CodeIgniter\Database\Exceptions\DataException::forEmptyDataset('update')
 2 SYSTEMPATH\Model.php(756): CodeIgniter\BaseModel->update([...], [])
 3 SYSTEMPATH\BaseModel.php(690): CodeIgniter\Model->update('3', [...])
 4 APPPATH\Controllers\Pasien.php(72): CodeIgniter\BaseModel->save([...])
 5 SYSTEMPATH\CodeIgniter.php(934): App\Controllers\Pasien->update('3')
 6 SYSTEMPATH\CodeIgniter.php(499): CodeIgniter\CodeIgniter->runController(Object(App\Controllers\Pasien))
 7 SYSTEMPATH\CodeIgniter.php(368): CodeIgniter\CodeIgniter->handleRequest(null, Object(Config\Cache), false)
 8 FCPATH\index.php(67): CodeIgniter\CodeIgniter->run()
 9 SYSTEMPATH\Commands\Server\rewrite.php(47): require_once('C:\\xampp\\htdocs\\tbcrestapi\\public\\index.php')
WARNING - 2023-04-30 19:23:30 --> [DEPRECATED] Creation of dynamic property App\Controllers\Pasien::$model is deprecated in APPPATH\Controllers\Pasien.php on line 15.
 1 SYSTEMPATH\CodeIgniter.php(906): App\Controllers\Pasien->__construct()
 2 SYSTEMPATH\CodeIgniter.php(490): CodeIgniter\CodeIgniter->createController()
 3 SYSTEMPATH\CodeIgniter.php(368): CodeIgniter\CodeIgniter->handleRequest(null, Object(Config\Cache), false)
 4 FCPATH\index.php(67): CodeIgniter\CodeIgniter->run()
 5 SYSTEMPATH\Commands\Server\rewrite.php(47): require_once('C:\\xampp\\htdocs\\tbcrestapi\\public\\index.php')
CRITICAL - 2023-04-30 19:23:30 --> There is no data to update.
in SYSTEMPATH\BaseModel.php on line 924.
 1 SYSTEMPATH\BaseModel.php(924): CodeIgniter\Database\Exceptions\DataException::forEmptyDataset('update')
 2 SYSTEMPATH\Model.php(756): CodeIgniter\BaseModel->update([...], [])
 3 SYSTEMPATH\BaseModel.php(690): CodeIgniter\Model->update('3', [...])
 4 APPPATH\Controllers\Pasien.php(72): CodeIgniter\BaseModel->save([...])
 5 SYSTEMPATH\CodeIgniter.php(934): App\Controllers\Pasien->update('3')
 6 SYSTEMPATH\CodeIgniter.php(499): CodeIgniter\CodeIgniter->runController(Object(App\Controllers\Pasien))
 7 SYSTEMPATH\CodeIgniter.php(368): CodeIgniter\CodeIgniter->handleRequest(null, Object(Config\Cache), false)
 8 FCPATH\index.php(67): CodeIgniter\CodeIgniter->run()
 9 SYSTEMPATH\Commands\Server\rewrite.php(47): require_once('C:\\xampp\\htdocs\\tbcrestapi\\public\\index.php')
WARNING - 2023-04-30 19:25:07 --> [DEPRECATED] Creation of dynamic property App\Controllers\Pasien::$model is deprecated in APPPATH\Controllers\Pasien.php on line 15.
 1 SYSTEMPATH\CodeIgniter.php(906): App\Controllers\Pasien->__construct()
 2 SYSTEMPATH\CodeIgniter.php(490): CodeIgniter\CodeIgniter->createController()
 3 SYSTEMPATH\CodeIgniter.php(368): CodeIgniter\CodeIgniter->handleRequest(null, Object(Config\Cache), false)
 4 FCPATH\index.php(67): CodeIgniter\CodeIgniter->run()
 5 SYSTEMPATH\Commands\Server\rewrite.php(47): require_once('C:\\xampp\\htdocs\\tbcrestapi\\public\\index.php')
CRITICAL - 2023-04-30 19:25:07 --> Undefined property: App\Controllers\Pasien::$requst
in APPPATH\Controllers\Pasien.php on line 66.
 1 APPPATH\Controllers\Pasien.php(66): CodeIgniter\Debug\Exceptions->errorHandler(2, 'Undefined property: App\\Controllers\\Pasien::$requst', 'C:\\xampp\\htdocs\\tbcrestapi\\app\\Controllers\\Pasien.php', 66)
 2 SYSTEMPATH\CodeIgniter.php(934): App\Controllers\Pasien->update('3')
 3 SYSTEMPATH\CodeIgniter.php(499): CodeIgniter\CodeIgniter->runController(Object(App\Controllers\Pasien))
 4 SYSTEMPATH\CodeIgniter.php(368): CodeIgniter\CodeIgniter->handleRequest(null, Object(Config\Cache), false)
 5 FCPATH\index.php(67): CodeIgniter\CodeIgniter->run()
 6 SYSTEMPATH\Commands\Server\rewrite.php(47): require_once('C:\\xampp\\htdocs\\tbcrestapi\\public\\index.php')
WARNING - 2023-04-30 19:27:46 --> [DEPRECATED] Creation of dynamic property App\Controllers\Pasien::$model is deprecated in APPPATH\Controllers\Pasien.php on line 15.
 1 SYSTEMPATH\CodeIgniter.php(906): App\Controllers\Pasien->__construct()
 2 SYSTEMPATH\CodeIgniter.php(490): CodeIgniter\CodeIgniter->createController()
 3 SYSTEMPATH\CodeIgniter.php(368): CodeIgniter\CodeIgniter->handleRequest(null, Object(Config\Cache), false)
 4 FCPATH\index.php(67): CodeIgniter\CodeIgniter->run()
 5 SYSTEMPATH\Commands\Server\rewrite.php(47): require_once('C:\\xampp\\htdocs\\tbcrestapi\\public\\index.php')
CRITICAL - 2023-04-30 19:27:46 --> Undefined property: App\Controllers\Pasien::$requst
in APPPATH\Controllers\Pasien.php on line 66.
 1 APPPATH\Controllers\Pasien.php(66): CodeIgniter\Debug\Exceptions->errorHandler(2, 'Undefined property: App\\Controllers\\Pasien::$requst', 'C:\\xampp\\htdocs\\tbcrestapi\\app\\Controllers\\Pasien.php', 66)
 2 SYSTEMPATH\CodeIgniter.php(934): App\Controllers\Pasien->update('3')
 3 SYSTEMPATH\CodeIgniter.php(499): CodeIgniter\CodeIgniter->runController(Object(App\Controllers\Pasien))
 4 SYSTEMPATH\CodeIgniter.php(368): CodeIgniter\CodeIgniter->handleRequest(null, Object(Config\Cache), false)
 5 FCPATH\index.php(67): CodeIgniter\CodeIgniter->run()
 6 SYSTEMPATH\Commands\Server\rewrite.php(47): require_once('C:\\xampp\\htdocs\\tbcrestapi\\public\\index.php')
WARNING - 2023-04-30 19:33:56 --> [DEPRECATED] Creation of dynamic property App\Controllers\Pasien::$model is deprecated in APPPATH\Controllers\Pasien.php on line 15.
 1 SYSTEMPATH\CodeIgniter.php(906): App\Controllers\Pasien->__construct()
 2 SYSTEMPATH\CodeIgniter.php(490): CodeIgniter\CodeIgniter->createController()
 3 SYSTEMPATH\CodeIgniter.php(368): CodeIgniter\CodeIgniter->handleRequest(null, Object(Config\Cache), false)
 4 FCPATH\index.php(67): CodeIgniter\CodeIgniter->run()
 5 SYSTEMPATH\Commands\Server\rewrite.php(47): require_once('C:\\xampp\\htdocs\\tbcrestapi\\public\\index.php')
CRITICAL - 2023-04-30 19:33:56 --> Undefined property: App\Controllers\Pasien::$requst
in APPPATH\Controllers\Pasien.php on line 66.
 1 APPPATH\Controllers\Pasien.php(66): CodeIgniter\Debug\Exceptions->errorHandler(2, 'Undefined property: App\\Controllers\\Pasien::$requst', 'C:\\xampp\\htdocs\\tbcrestapi\\app\\Controllers\\Pasien.php', 66)
 2 SYSTEMPATH\CodeIgniter.php(934): App\Controllers\Pasien->update('3')
 3 SYSTEMPATH\CodeIgniter.php(499): CodeIgniter\CodeIgniter->runController(Object(App\Controllers\Pasien))
 4 SYSTEMPATH\CodeIgniter.php(368): CodeIgniter\CodeIgniter->handleRequest(null, Object(Config\Cache), false)
 5 FCPATH\index.php(67): CodeIgniter\CodeIgniter->run()
 6 SYSTEMPATH\Commands\Server\rewrite.php(47): require_once('C:\\xampp\\htdocs\\tbcrestapi\\public\\index.php')
WARNING - 2023-04-30 19:36:15 --> [DEPRECATED] Creation of dynamic property App\Controllers\Pasien::$model is deprecated in APPPATH\Controllers\Pasien.php on line 15.
 1 SYSTEMPATH\CodeIgniter.php(906): App\Controllers\Pasien->__construct()
 2 SYSTEMPATH\CodeIgniter.php(490): CodeIgniter\CodeIgniter->createController()
 3 SYSTEMPATH\CodeIgniter.php(368): CodeIgniter\CodeIgniter->handleRequest(null, Object(Config\Cache), false)
 4 FCPATH\index.php(67): CodeIgniter\CodeIgniter->run()
 5 SYSTEMPATH\Commands\Server\rewrite.php(47): require_once('C:\\xampp\\htdocs\\tbcrestapi\\public\\index.php')
WARNING - 2023-04-30 19:38:15 --> [DEPRECATED] Creation of dynamic property App\Controllers\Pasien::$model is deprecated in APPPATH\Controllers\Pasien.php on line 15.
 1 SYSTEMPATH\CodeIgniter.php(906): App\Controllers\Pasien->__construct()
 2 SYSTEMPATH\CodeIgniter.php(490): CodeIgniter\CodeIgniter->createController()
 3 SYSTEMPATH\CodeIgniter.php(368): CodeIgniter\CodeIgniter->handleRequest(null, Object(Config\Cache), false)
 4 FCPATH\index.php(67): CodeIgniter\CodeIgniter->run()
 5 SYSTEMPATH\Commands\Server\rewrite.php(47): require_once('C:\\xampp\\htdocs\\tbcrestapi\\public\\index.php')
WARNING - 2023-04-30 19:38:59 --> [DEPRECATED] Creation of dynamic property App\Controllers\Pasien::$model is deprecated in APPPATH\Controllers\Pasien.php on line 15.
 1 SYSTEMPATH\CodeIgniter.php(906): App\Controllers\Pasien->__construct()
 2 SYSTEMPATH\CodeIgniter.php(490): CodeIgniter\CodeIgniter->createController()
 3 SYSTEMPATH\CodeIgniter.php(368): CodeIgniter\CodeIgniter->handleRequest(null, Object(Config\Cache), false)
 4 FCPATH\index.php(67): CodeIgniter\CodeIgniter->run()
 5 SYSTEMPATH\Commands\Server\rewrite.php(47): require_once('C:\\xampp\\htdocs\\tbcrestapi\\public\\index.php')
WARNING - 2023-04-30 19:40:16 --> [DEPRECATED] Creation of dynamic property App\Controllers\Pasien::$model is deprecated in APPPATH\Controllers\Pasien.php on line 15.
 1 SYSTEMPATH\CodeIgniter.php(906): App\Controllers\Pasien->__construct()
 2 SYSTEMPATH\CodeIgniter.php(490): CodeIgniter\CodeIgniter->createController()
 3 SYSTEMPATH\CodeIgniter.php(368): CodeIgniter\CodeIgniter->handleRequest(null, Object(Config\Cache), false)
 4 FCPATH\index.php(67): CodeIgniter\CodeIgniter->run()
 5 SYSTEMPATH\Commands\Server\rewrite.php(47): require_once('C:\\xampp\\htdocs\\tbcrestapi\\public\\index.php')
WARNING - 2023-04-30 19:47:50 --> [DEPRECATED] Creation of dynamic property App\Controllers\Pasien::$model is deprecated in APPPATH\Controllers\Pasien.php on line 15.
 1 SYSTEMPATH\CodeIgniter.php(906): App\Controllers\Pasien->__construct()
 2 SYSTEMPATH\CodeIgniter.php(490): CodeIgniter\CodeIgniter->createController()
 3 SYSTEMPATH\CodeIgniter.php(368): CodeIgniter\CodeIgniter->handleRequest(null, Object(Config\Cache), false)
 4 FCPATH\index.php(67): CodeIgniter\CodeIgniter->run()
 5 SYSTEMPATH\Commands\Server\rewrite.php(47): require_once('C:\\xampp\\htdocs\\tbcrestapi\\public\\index.php')
CRITICAL - 2023-04-30 19:47:50 --> Call to undefined method App\Controllers\Pasien::respondDelete()
in APPPATH\Controllers\Pasien.php on line 100.
 1 SYSTEMPATH\CodeIgniter.php(934): App\Controllers\Pasien->delete('3')
 2 SYSTEMPATH\CodeIgniter.php(499): CodeIgniter\CodeIgniter->runController(Object(App\Controllers\Pasien))
 3 SYSTEMPATH\CodeIgniter.php(368): CodeIgniter\CodeIgniter->handleRequest(null, Object(Config\Cache), false)
 4 FCPATH\index.php(67): CodeIgniter\CodeIgniter->run()
 5 SYSTEMPATH\Commands\Server\rewrite.php(47): require_once('C:\\xampp\\htdocs\\tbcrestapi\\public\\index.php')
WARNING - 2023-04-30 19:48:33 --> [DEPRECATED] Creation of dynamic property App\Controllers\Pasien::$model is deprecated in APPPATH\Controllers\Pasien.php on line 15.
 1 SYSTEMPATH\CodeIgniter.php(906): App\Controllers\Pasien->__construct()
 2 SYSTEMPATH\CodeIgniter.php(490): CodeIgniter\CodeIgniter->createController()
 3 SYSTEMPATH\CodeIgniter.php(368): CodeIgniter\CodeIgniter->handleRequest(null, Object(Config\Cache), false)
 4 FCPATH\index.php(67): CodeIgniter\CodeIgniter->run()
 5 SYSTEMPATH\Commands\Server\rewrite.php(47): require_once('C:\\xampp\\htdocs\\tbcrestapi\\public\\index.php')
WARNING - 2023-04-30 19:49:06 --> [DEPRECATED] Creation of dynamic property App\Controllers\Pasien::$model is deprecated in APPPATH\Controllers\Pasien.php on line 15.
 1 SYSTEMPATH\CodeIgniter.php(906): App\Controllers\Pasien->__construct()
 2 SYSTEMPATH\CodeIgniter.php(490): CodeIgniter\CodeIgniter->createController()
 3 SYSTEMPATH\CodeIgniter.php(368): CodeIgniter\CodeIgniter->handleRequest(null, Object(Config\Cache), false)
 4 FCPATH\index.php(67): CodeIgniter\CodeIgniter->run()
 5 SYSTEMPATH\Commands\Server\rewrite.php(47): require_once('C:\\xampp\\htdocs\\tbcrestapi\\public\\index.php')
