CRITICAL - 2023-05-02 15:13:57 --> Class "App\Models\Model" not found
in APPPATH\Models\ModelToken.php on line 5.
 1 SYSTEMPATH\Autoloader\Autoloader.php(312): include_once()
 2 SYSTEMPATH\Autoloader\Autoloader.php(289): CodeIgniter\Autoloader\Autoloader->includeFile('C:\\xampp\\htdocs\\tbcrestapi\\app\\Models\\ModelToken.php')
 3 SYSTEMPATH\Autoloader\Autoloader.php(267): CodeIgniter\Autoloader\Autoloader->loadInNamespace('App\\Models\\ModelToken')
 4 APPPATH\Helpers\restclient_helper.php(8): CodeIgniter\Autoloader\Autoloader->loadClass('App\\Models\\ModelToken')
 5 APPPATH\Controllers\RestClient.php(41): akses_restapi('GET', 'http://localhost:8080/pasien/', [])
 6 SYSTEMPATH\CodeIgniter.php(934): App\Controllers\RestClient->index()
 7 SYSTEMPATH\CodeIgniter.php(499): CodeIgniter\CodeIgniter->runController(Object(App\Controllers\RestClient))
 8 SYSTEMPATH\CodeIgniter.php(368): CodeIgniter\CodeIgniter->handleRequest(null, Object(Config\Cache), false)
 9 FCPATH\index.php(67): CodeIgniter\CodeIgniter->run()
10 SYSTEMPATH\Commands\Server\rewrite.php(47): require_once('C:\\xampp\\htdocs\\tbcrestapi\\public\\index.php')
CRITICAL - 2023-05-02 15:14:39 --> Class "App\Models\Model" not found
in APPPATH\Models\ModelToken.php on line 5.
 1 SYSTEMPATH\Autoloader\Autoloader.php(312): include_once()
 2 SYSTEMPATH\Autoloader\Autoloader.php(289): CodeIgniter\Autoloader\Autoloader->includeFile('C:\\xampp\\htdocs\\tbcrestapi\\app\\Models\\ModelToken.php')
 3 SYSTEMPATH\Autoloader\Autoloader.php(267): CodeIgniter\Autoloader\Autoloader->loadInNamespace('App\\Models\\ModelToken')
 4 APPPATH\Helpers\restclient_helper.php(8): CodeIgniter\Autoloader\Autoloader->loadClass('App\\Models\\ModelToken')
 5 APPPATH\Controllers\RestClient.php(41): akses_restapi('GET', 'http://localhost:8080/pasien/', [])
 6 SYSTEMPATH\CodeIgniter.php(934): App\Controllers\RestClient->index()
 7 SYSTEMPATH\CodeIgniter.php(499): CodeIgniter\CodeIgniter->runController(Object(App\Controllers\RestClient))
 8 SYSTEMPATH\CodeIgniter.php(368): CodeIgniter\CodeIgniter->handleRequest(null, Object(Config\Cache), false)
 9 FCPATH\index.php(67): CodeIgniter\CodeIgniter->run()
10 SYSTEMPATH\Commands\Server\rewrite.php(47): require_once('C:\\xampp\\htdocs\\tbcrestapi\\public\\index.php')
CRITICAL - 2023-05-02 16:04:22 --> Undefined array key "acess_token"
in APPPATH\Helpers\restclient_helper.php on line 29.
 1 APPPATH\Helpers\restclient_helper.php(29): CodeIgniter\Debug\Exceptions->errorHandler(2, 'Undefined array key "acess_token"', 'C:\\xampp\\htdocs\\tbcrestapi\\app\\Helpers\\restclient_helper.php', 29)
 2 APPPATH\Controllers\RestClient.php(41): akses_restapi('GET', 'http://localhost:8080/auth', [])
 3 SYSTEMPATH\CodeIgniter.php(934): App\Controllers\RestClient->index()
 4 SYSTEMPATH\CodeIgniter.php(499): CodeIgniter\CodeIgniter->runController(Object(App\Controllers\RestClient))
 5 SYSTEMPATH\CodeIgniter.php(368): CodeIgniter\CodeIgniter->handleRequest(null, Object(Config\Cache), false)
 6 FCPATH\index.php(67): CodeIgniter\CodeIgniter->run()
CRITICAL - 2023-05-02 16:05:56 --> Undefined array key "access_token"
in APPPATH\Helpers\restclient_helper.php on line 29.
 1 APPPATH\Helpers\restclient_helper.php(29): CodeIgniter\Debug\Exceptions->errorHandler(2, 'Undefined array key "access_token"', 'C:\\xampp\\htdocs\\tbcrestapi\\app\\Helpers\\restclient_helper.php', 29)
 2 APPPATH\Controllers\RestClient.php(41): akses_restapi('GET', 'http://localhost:8080/auth', [])
 3 SYSTEMPATH\CodeIgniter.php(934): App\Controllers\RestClient->index()
 4 SYSTEMPATH\CodeIgniter.php(499): CodeIgniter\CodeIgniter->runController(Object(App\Controllers\RestClient))
 5 SYSTEMPATH\CodeIgniter.php(368): CodeIgniter\CodeIgniter->handleRequest(null, Object(Config\Cache), false)
 6 FCPATH\index.php(67): CodeIgniter\CodeIgniter->run()
CRITICAL - 2023-05-02 16:07:34 --> Undefined array key "access_token"
in APPPATH\Helpers\restclient_helper.php on line 29.
 1 APPPATH\Helpers\restclient_helper.php(29): CodeIgniter\Debug\Exceptions->errorHandler(2, 'Undefined array key "access_token"', 'C:\\xampp\\htdocs\\tbcrestapi\\app\\Helpers\\restclient_helper.php', 29)
 2 APPPATH\Controllers\RestClient.php(41): akses_restapi('GET', 'http://localhost/tbcrestapi/public/auth', [])
 3 SYSTEMPATH\CodeIgniter.php(934): App\Controllers\RestClient->index()
 4 SYSTEMPATH\CodeIgniter.php(499): CodeIgniter\CodeIgniter->runController(Object(App\Controllers\RestClient))
 5 SYSTEMPATH\CodeIgniter.php(368): CodeIgniter\CodeIgniter->handleRequest(null, Object(Config\Cache), false)
 6 FCPATH\index.php(67): CodeIgniter\CodeIgniter->run()
CRITICAL - 2023-05-02 16:09:23 --> Undefined array key "access_token"
in APPPATH\Helpers\restclient_helper.php on line 29.
 1 APPPATH\Helpers\restclient_helper.php(29): CodeIgniter\Debug\Exceptions->errorHandler(2, 'Undefined array key "access_token"', 'C:\\xampp\\htdocs\\tbcrestapi\\app\\Helpers\\restclient_helper.php', 29)
 2 APPPATH\Controllers\RestClient.php(41): akses_restapi('GET', 'http://localhost/tbcrestapi/public/auth', [])
 3 SYSTEMPATH\CodeIgniter.php(934): App\Controllers\RestClient->index()
 4 SYSTEMPATH\CodeIgniter.php(499): CodeIgniter\CodeIgniter->runController(Object(App\Controllers\RestClient))
 5 SYSTEMPATH\CodeIgniter.php(368): CodeIgniter\CodeIgniter->handleRequest(null, Object(Config\Cache), false)
 6 FCPATH\index.php(67): CodeIgniter\CodeIgniter->run()
CRITICAL - 2023-05-02 16:09:38 --> Undefined array key "access_token"
in APPPATH\Helpers\restclient_helper.php on line 29.
 1 APPPATH\Helpers\restclient_helper.php(29): CodeIgniter\Debug\Exceptions->errorHandler(2, 'Undefined array key "access_token"', 'C:\\xampp\\htdocs\\tbcrestapi\\app\\Helpers\\restclient_helper.php', 29)
 2 APPPATH\Controllers\RestClient.php(41): akses_restapi('GET', 'http://localhost/tbcrestapi/public/auth', [])
 3 SYSTEMPATH\CodeIgniter.php(934): App\Controllers\RestClient->index()
 4 SYSTEMPATH\CodeIgniter.php(499): CodeIgniter\CodeIgniter->runController(Object(App\Controllers\RestClient))
 5 SYSTEMPATH\CodeIgniter.php(368): CodeIgniter\CodeIgniter->handleRequest(null, Object(Config\Cache), false)
 6 FCPATH\index.php(67): CodeIgniter\CodeIgniter->run()
CRITICAL - 2023-05-02 16:09:49 --> Undefined array key "access_token"
in APPPATH\Helpers\restclient_helper.php on line 29.
 1 APPPATH\Helpers\restclient_helper.php(29): CodeIgniter\Debug\Exceptions->errorHandler(2, 'Undefined array key "access_token"', 'C:\\xampp\\htdocs\\tbcrestapi\\app\\Helpers\\restclient_helper.php', 29)
 2 APPPATH\Controllers\RestClient.php(41): akses_restapi('GET', 'http://localhost/tbcrestapi/public/auth', [])
 3 SYSTEMPATH\CodeIgniter.php(934): App\Controllers\RestClient->index()
 4 SYSTEMPATH\CodeIgniter.php(499): CodeIgniter\CodeIgniter->runController(Object(App\Controllers\RestClient))
 5 SYSTEMPATH\CodeIgniter.php(368): CodeIgniter\CodeIgniter->handleRequest(null, Object(Config\Cache), false)
 6 FCPATH\index.php(67): CodeIgniter\CodeIgniter->run()
CRITICAL - 2023-05-02 16:09:50 --> Undefined array key "access_token"
in APPPATH\Helpers\restclient_helper.php on line 29.
 1 APPPATH\Helpers\restclient_helper.php(29): CodeIgniter\Debug\Exceptions->errorHandler(2, 'Undefined array key "access_token"', 'C:\\xampp\\htdocs\\tbcrestapi\\app\\Helpers\\restclient_helper.php', 29)
 2 APPPATH\Controllers\RestClient.php(41): akses_restapi('GET', 'http://localhost/tbcrestapi/public/auth', [])
 3 SYSTEMPATH\CodeIgniter.php(934): App\Controllers\RestClient->index()
 4 SYSTEMPATH\CodeIgniter.php(499): CodeIgniter\CodeIgniter->runController(Object(App\Controllers\RestClient))
 5 SYSTEMPATH\CodeIgniter.php(368): CodeIgniter\CodeIgniter->handleRequest(null, Object(Config\Cache), false)
 6 FCPATH\index.php(67): CodeIgniter\CodeIgniter->run()
CRITICAL - 2023-05-02 16:09:51 --> Undefined array key "access_token"
in APPPATH\Helpers\restclient_helper.php on line 29.
 1 APPPATH\Helpers\restclient_helper.php(29): CodeIgniter\Debug\Exceptions->errorHandler(2, 'Undefined array key "access_token"', 'C:\\xampp\\htdocs\\tbcrestapi\\app\\Helpers\\restclient_helper.php', 29)
 2 APPPATH\Controllers\RestClient.php(41): akses_restapi('GET', 'http://localhost/tbcrestapi/public/auth', [])
 3 SYSTEMPATH\CodeIgniter.php(934): App\Controllers\RestClient->index()
 4 SYSTEMPATH\CodeIgniter.php(499): CodeIgniter\CodeIgniter->runController(Object(App\Controllers\RestClient))
 5 SYSTEMPATH\CodeIgniter.php(368): CodeIgniter\CodeIgniter->handleRequest(null, Object(Config\Cache), false)
 6 FCPATH\index.php(67): CodeIgniter\CodeIgniter->run()
CRITICAL - 2023-05-02 16:09:51 --> Undefined array key "access_token"
in APPPATH\Helpers\restclient_helper.php on line 29.
 1 APPPATH\Helpers\restclient_helper.php(29): CodeIgniter\Debug\Exceptions->errorHandler(2, 'Undefined array key "access_token"', 'C:\\xampp\\htdocs\\tbcrestapi\\app\\Helpers\\restclient_helper.php', 29)
 2 APPPATH\Controllers\RestClient.php(41): akses_restapi('GET', 'http://localhost/tbcrestapi/public/auth', [])
 3 SYSTEMPATH\CodeIgniter.php(934): App\Controllers\RestClient->index()
 4 SYSTEMPATH\CodeIgniter.php(499): CodeIgniter\CodeIgniter->runController(Object(App\Controllers\RestClient))
 5 SYSTEMPATH\CodeIgniter.php(368): CodeIgniter\CodeIgniter->handleRequest(null, Object(Config\Cache), false)
 6 FCPATH\index.php(67): CodeIgniter\CodeIgniter->run()
CRITICAL - 2023-05-02 16:11:20 --> Object of class CodeIgniter\HTTP\Response could not be converted to string
in APPPATH\Helpers\restclient_helper.php on line 28.
 1 APPPATH\Controllers\RestClient.php(41): akses_restapi('GET', 'http://localhost/tbcrestapi/public/auth', [])
 2 SYSTEMPATH\CodeIgniter.php(934): App\Controllers\RestClient->index()
 3 SYSTEMPATH\CodeIgniter.php(499): CodeIgniter\CodeIgniter->runController(Object(App\Controllers\RestClient))
 4 SYSTEMPATH\CodeIgniter.php(368): CodeIgniter\CodeIgniter->handleRequest(null, Object(Config\Cache), false)
 5 FCPATH\index.php(67): CodeIgniter\CodeIgniter->run()
CRITICAL - 2023-05-02 16:22:06 --> Maximum execution time of 120 seconds exceeded
in SYSTEMPATH\HTTP\CURLRequest.php on line 672.
 1 [internal function]: CodeIgniter\Debug\Exceptions->shutdownHandler()
CRITICAL - 2023-05-02 18:15:25 --> Maximum execution time of 120 seconds exceeded
in SYSTEMPATH\HTTP\CURLRequest.php on line 672.
 1 [internal function]: CodeIgniter\Debug\Exceptions->shutdownHandler()
WARNING - 2023-05-02 19:27:06 --> [DEPRECATED] Creation of dynamic property App\Controllers\Pasien::$model is deprecated in APPPATH\Controllers\Pasien.php on line 15.
 1 SYSTEMPATH\CodeIgniter.php(906): App\Controllers\Pasien->__construct()
 2 SYSTEMPATH\CodeIgniter.php(490): CodeIgniter\CodeIgniter->createController()
 3 SYSTEMPATH\CodeIgniter.php(368): CodeIgniter\CodeIgniter->handleRequest(null, Object(Config\Cache), false)
 4 FCPATH\index.php(67): CodeIgniter\CodeIgniter->run()
CRITICAL - 2023-05-02 19:47:07 --> Undefined array key 1
in APPPATH\Helpers\restclient_helper.php on line 14.
 1 APPPATH\Helpers\restclient_helper.php(14): CodeIgniter\Debug\Exceptions->errorHandler(2, 'Undefined array key 1', 'C:\\xampp\\htdocs\\tbcrestapi\\app\\Helpers\\restclient_helper.php', 14)
 2 APPPATH\Controllers\RestClient.php(41): akses_restapi('GET', 'http://localhost/tbcrestapi/public/pasien', [])
 3 SYSTEMPATH\CodeIgniter.php(934): App\Controllers\RestClient->index()
 4 SYSTEMPATH\CodeIgniter.php(499): CodeIgniter\CodeIgniter->runController(Object(App\Controllers\RestClient))
 5 SYSTEMPATH\CodeIgniter.php(368): CodeIgniter\CodeIgniter->handleRequest(null, Object(Config\Cache), false)
 6 FCPATH\index.php(67): CodeIgniter\CodeIgniter->run()
CRITICAL - 2023-05-02 20:02:18 --> Maximum execution time of 120 seconds exceeded
in SYSTEMPATH\HTTP\CURLRequest.php on line 672.
 1 [internal function]: CodeIgniter\Debug\Exceptions->shutdownHandler()
CRITICAL - 2023-05-02 20:04:04 --> Maximum execution time of 120 seconds exceeded
in SYSTEMPATH\HTTP\CURLRequest.php on line 672.
 1 [internal function]: CodeIgniter\Debug\Exceptions->shutdownHandler()
