CRITICAL - 2023-05-05 19:12:41 --> Class "App\Controllers\ResourceController" not found
in APPPATH\Controllers\Edukasi.php on line 7.
 1 SYSTEMPATH\Autoloader\Autoloader.php(312): include_once()
 2 SYSTEMPATH\Autoloader\Autoloader.php(289): CodeIgniter\Autoloader\Autoloader->includeFile('C:\\xampp\\htdocs\\tbcrestapi\\app\\Controllers\\Edukasi.php')
 3 SYSTEMPATH\Autoloader\Autoloader.php(267): CodeIgniter\Autoloader\Autoloader->loadInNamespace('App\\Controllers\\Edukasi')
 4 [internal function]: CodeIgniter\Autoloader\Autoloader->loadClass('App\\Controllers\\Edukasi')
 5 SYSTEMPATH\CodeIgniter.php(892): class_exists('\\App\\Controllers\\Edukasi', true)
 6 SYSTEMPATH\CodeIgniter.php(486): CodeIgniter\CodeIgniter->startController()
 7 SYSTEMPATH\CodeIgniter.php(368): CodeIgniter\CodeIgniter->handleRequest(null, Object(Config\Cache), false)
 8 FCPATH\index.php(67): CodeIgniter\CodeIgniter->run()
 9 SYSTEMPATH\Commands\Server\rewrite.php(47): require_once('C:\\xampp\\htdocs\\tbcrestapi\\public\\index.php')
WARNING - 2023-05-05 19:13:16 --> [DEPRECATED] Creation of dynamic property App\Controllers\Edukasi::$model is deprecated in APPPATH\Controllers\Edukasi.php on line 15.
 1 SYSTEMPATH\CodeIgniter.php(906): App\Controllers\Edukasi->__construct()
 2 SYSTEMPATH\CodeIgniter.php(490): CodeIgniter\CodeIgniter->createController()
 3 SYSTEMPATH\CodeIgniter.php(368): CodeIgniter\CodeIgniter->handleRequest(null, Object(Config\Cache), false)
 4 FCPATH\index.php(67): CodeIgniter\CodeIgniter->run()
 5 SYSTEMPATH\Commands\Server\rewrite.php(47): require_once('C:\\xampp\\htdocs\\tbcrestapi\\public\\index.php')
WARNING - 2023-05-05 19:14:12 --> [DEPRECATED] Creation of dynamic property App\Controllers\Edukasi::$model is deprecated in APPPATH\Controllers\Edukasi.php on line 15.
 1 SYSTEMPATH\CodeIgniter.php(906): App\Controllers\Edukasi->__construct()
 2 SYSTEMPATH\CodeIgniter.php(490): CodeIgniter\CodeIgniter->createController()
 3 SYSTEMPATH\CodeIgniter.php(368): CodeIgniter\CodeIgniter->handleRequest(null, Object(Config\Cache), false)
 4 FCPATH\index.php(67): CodeIgniter\CodeIgniter->run()
 5 SYSTEMPATH\Commands\Server\rewrite.php(47): require_once('C:\\xampp\\htdocs\\tbcrestapi\\public\\index.php')
CRITICAL - 2023-05-05 19:14:12 --> Invalid max_size parameter: "media"
in SYSTEMPATH\Validation\FileRules.php on line 88.
 1 SYSTEMPATH\Validation\Validation.php(312): CodeIgniter\Validation\FileRules->max_size('', 'media', [...], null, 'media')
 2 SYSTEMPATH\Validation\Validation.php(170): CodeIgniter\Validation\Validation->processRules('media', 'media', '', [...], [...])
 3 SYSTEMPATH\Controller.php(140): CodeIgniter\Validation\Validation->run()
 4 APPPATH\Controllers\Edukasi.php(32): CodeIgniter\Controller->validate([...])
 5 SYSTEMPATH\CodeIgniter.php(934): App\Controllers\Edukasi->create()
 6 SYSTEMPATH\CodeIgniter.php(499): CodeIgniter\CodeIgniter->runController(Object(App\Controllers\Edukasi))
 7 SYSTEMPATH\CodeIgniter.php(368): CodeIgniter\CodeIgniter->handleRequest(null, Object(Config\Cache), false)
 8 FCPATH\index.php(67): CodeIgniter\CodeIgniter->run()
 9 SYSTEMPATH\Commands\Server\rewrite.php(47): require_once('C:\\xampp\\htdocs\\tbcrestapi\\public\\index.php')
WARNING - 2023-05-05 19:15:14 --> [DEPRECATED] Creation of dynamic property App\Controllers\Edukasi::$model is deprecated in APPPATH\Controllers\Edukasi.php on line 15.
 1 SYSTEMPATH\CodeIgniter.php(906): App\Controllers\Edukasi->__construct()
 2 SYSTEMPATH\CodeIgniter.php(490): CodeIgniter\CodeIgniter->createController()
 3 SYSTEMPATH\CodeIgniter.php(368): CodeIgniter\CodeIgniter->handleRequest(null, Object(Config\Cache), false)
 4 FCPATH\index.php(67): CodeIgniter\CodeIgniter->run()
 5 SYSTEMPATH\Commands\Server\rewrite.php(47): require_once('C:\\xampp\\htdocs\\tbcrestapi\\public\\index.php')
WARNING - 2023-05-05 19:18:05 --> [DEPRECATED] Creation of dynamic property App\Controllers\Edukasi::$model is deprecated in APPPATH\Controllers\Edukasi.php on line 15.
 1 SYSTEMPATH\CodeIgniter.php(906): App\Controllers\Edukasi->__construct()
 2 SYSTEMPATH\CodeIgniter.php(490): CodeIgniter\CodeIgniter->createController()
 3 SYSTEMPATH\CodeIgniter.php(368): CodeIgniter\CodeIgniter->handleRequest(null, Object(Config\Cache), false)
 4 FCPATH\index.php(67): CodeIgniter\CodeIgniter->run()
 5 SYSTEMPATH\Commands\Server\rewrite.php(47): require_once('C:\\xampp\\htdocs\\tbcrestapi\\public\\index.php')
WARNING - 2023-05-05 19:19:01 --> [DEPRECATED] Creation of dynamic property App\Controllers\Edukasi::$model is deprecated in APPPATH\Controllers\Edukasi.php on line 15.
 1 SYSTEMPATH\CodeIgniter.php(906): App\Controllers\Edukasi->__construct()
 2 SYSTEMPATH\CodeIgniter.php(490): CodeIgniter\CodeIgniter->createController()
 3 SYSTEMPATH\CodeIgniter.php(368): CodeIgniter\CodeIgniter->handleRequest(null, Object(Config\Cache), false)
 4 FCPATH\index.php(67): CodeIgniter\CodeIgniter->run()
 5 SYSTEMPATH\Commands\Server\rewrite.php(47): require_once('C:\\xampp\\htdocs\\tbcrestapi\\public\\index.php')
WARNING - 2023-05-05 19:20:32 --> [DEPRECATED] Creation of dynamic property App\Controllers\Edukasi::$model is deprecated in APPPATH\Controllers\Edukasi.php on line 15.
 1 SYSTEMPATH\CodeIgniter.php(906): App\Controllers\Edukasi->__construct()
 2 SYSTEMPATH\CodeIgniter.php(490): CodeIgniter\CodeIgniter->createController()
 3 SYSTEMPATH\CodeIgniter.php(368): CodeIgniter\CodeIgniter->handleRequest(null, Object(Config\Cache), false)
 4 FCPATH\index.php(67): CodeIgniter\CodeIgniter->run()
 5 SYSTEMPATH\Commands\Server\rewrite.php(47): require_once('C:\\xampp\\htdocs\\tbcrestapi\\public\\index.php')
WARNING - 2023-05-05 19:26:18 --> [DEPRECATED] Creation of dynamic property App\Controllers\Edukasi::$model is deprecated in APPPATH\Controllers\Edukasi.php on line 15.
 1 SYSTEMPATH\CodeIgniter.php(906): App\Controllers\Edukasi->__construct()
 2 SYSTEMPATH\CodeIgniter.php(490): CodeIgniter\CodeIgniter->createController()
 3 SYSTEMPATH\CodeIgniter.php(368): CodeIgniter\CodeIgniter->handleRequest(null, Object(Config\Cache), false)
 4 FCPATH\index.php(67): CodeIgniter\CodeIgniter->run()
 5 SYSTEMPATH\Commands\Server\rewrite.php(47): require_once('C:\\xampp\\htdocs\\tbcrestapi\\public\\index.php')
WARNING - 2023-05-05 19:28:38 --> [DEPRECATED] Creation of dynamic property App\Controllers\Edukasi::$model is deprecated in APPPATH\Controllers\Edukasi.php on line 15.
 1 SYSTEMPATH\CodeIgniter.php(906): App\Controllers\Edukasi->__construct()
 2 SYSTEMPATH\CodeIgniter.php(490): CodeIgniter\CodeIgniter->createController()
 3 SYSTEMPATH\CodeIgniter.php(368): CodeIgniter\CodeIgniter->handleRequest(null, Object(Config\Cache), false)
 4 FCPATH\index.php(67): CodeIgniter\CodeIgniter->run()
 5 SYSTEMPATH\Commands\Server\rewrite.php(47): require_once('C:\\xampp\\htdocs\\tbcrestapi\\public\\index.php')
WARNING - 2023-05-05 19:30:16 --> [DEPRECATED] Creation of dynamic property App\Controllers\Edukasi::$model is deprecated in APPPATH\Controllers\Edukasi.php on line 15.
 1 SYSTEMPATH\CodeIgniter.php(906): App\Controllers\Edukasi->__construct()
 2 SYSTEMPATH\CodeIgniter.php(490): CodeIgniter\CodeIgniter->createController()
 3 SYSTEMPATH\CodeIgniter.php(368): CodeIgniter\CodeIgniter->handleRequest(null, Object(Config\Cache), false)
 4 FCPATH\index.php(67): CodeIgniter\CodeIgniter->run()
 5 SYSTEMPATH\Commands\Server\rewrite.php(47): require_once('C:\\xampp\\htdocs\\tbcrestapi\\public\\index.php')
WARNING - 2023-05-05 19:36:25 --> [DEPRECATED] Creation of dynamic property App\Controllers\Edukasi::$model is deprecated in APPPATH\Controllers\Edukasi.php on line 15.
 1 SYSTEMPATH\CodeIgniter.php(906): App\Controllers\Edukasi->__construct()
 2 SYSTEMPATH\CodeIgniter.php(490): CodeIgniter\CodeIgniter->createController()
 3 SYSTEMPATH\CodeIgniter.php(368): CodeIgniter\CodeIgniter->handleRequest(null, Object(Config\Cache), false)
 4 FCPATH\index.php(67): CodeIgniter\CodeIgniter->run()
 5 SYSTEMPATH\Commands\Server\rewrite.php(47): require_once('C:\\xampp\\htdocs\\tbcrestapi\\public\\index.php')
WARNING - 2023-05-05 22:32:52 --> [DEPRECATED] Creation of dynamic property App\Controllers\Edukasi::$model is deprecated in APPPATH\Controllers\Edukasi.php on line 15.
 1 SYSTEMPATH\CodeIgniter.php(906): App\Controllers\Edukasi->__construct()
 2 SYSTEMPATH\CodeIgniter.php(490): CodeIgniter\CodeIgniter->createController()
 3 SYSTEMPATH\CodeIgniter.php(368): CodeIgniter\CodeIgniter->handleRequest(null, Object(Config\Cache), false)
 4 FCPATH\index.php(67): CodeIgniter\CodeIgniter->run()
 5 SYSTEMPATH\Commands\Server\rewrite.php(47): require_once('C:\\xampp\\htdocs\\tbcrestapi\\public\\index.php')
WARNING - 2023-05-05 22:33:08 --> [DEPRECATED] Creation of dynamic property App\Controllers\Edukasi::$model is deprecated in APPPATH\Controllers\Edukasi.php on line 15.
 1 SYSTEMPATH\CodeIgniter.php(906): App\Controllers\Edukasi->__construct()
 2 SYSTEMPATH\CodeIgniter.php(490): CodeIgniter\CodeIgniter->createController()
 3 SYSTEMPATH\CodeIgniter.php(368): CodeIgniter\CodeIgniter->handleRequest(null, Object(Config\Cache), false)
 4 FCPATH\index.php(67): CodeIgniter\CodeIgniter->run()
 5 SYSTEMPATH\Commands\Server\rewrite.php(47): require_once('C:\\xampp\\htdocs\\tbcrestapi\\public\\index.php')
WARNING - 2023-05-05 22:34:20 --> [DEPRECATED] Creation of dynamic property App\Controllers\Edukasi::$model is deprecated in APPPATH\Controllers\Edukasi.php on line 15.
 1 SYSTEMPATH\CodeIgniter.php(906): App\Controllers\Edukasi->__construct()
 2 SYSTEMPATH\CodeIgniter.php(490): CodeIgniter\CodeIgniter->createController()
 3 SYSTEMPATH\CodeIgniter.php(368): CodeIgniter\CodeIgniter->handleRequest(null, Object(Config\Cache), false)
 4 FCPATH\index.php(67): CodeIgniter\CodeIgniter->run()
 5 SYSTEMPATH\Commands\Server\rewrite.php(47): require_once('C:\\xampp\\htdocs\\tbcrestapi\\public\\index.php')
CRITICAL - 2023-05-05 22:39:47 --> Class "App\Models\ModelPengingat" not found
in APPPATH\Controllers\PengingatObat.php on line 15.
 1 SYSTEMPATH\CodeIgniter.php(906): App\Controllers\PengingatObat->__construct()
 2 SYSTEMPATH\CodeIgniter.php(490): CodeIgniter\CodeIgniter->createController()
 3 SYSTEMPATH\CodeIgniter.php(368): CodeIgniter\CodeIgniter->handleRequest(null, Object(Config\Cache), false)
 4 FCPATH\index.php(67): CodeIgniter\CodeIgniter->run()
 5 SYSTEMPATH\Commands\Server\rewrite.php(47): require_once('C:\\xampp\\htdocs\\tbcrestapi\\public\\index.php')
CRITICAL - 2023-05-05 22:40:17 --> Class "App\Models\ModelPengingat" not found
in APPPATH\Controllers\PengingatObat.php on line 15.
 1 SYSTEMPATH\CodeIgniter.php(906): App\Controllers\PengingatObat->__construct()
 2 SYSTEMPATH\CodeIgniter.php(490): CodeIgniter\CodeIgniter->createController()
 3 SYSTEMPATH\CodeIgniter.php(368): CodeIgniter\CodeIgniter->handleRequest(null, Object(Config\Cache), false)
 4 FCPATH\index.php(67): CodeIgniter\CodeIgniter->run()
 5 SYSTEMPATH\Commands\Server\rewrite.php(47): require_once('C:\\xampp\\htdocs\\tbcrestapi\\public\\index.php')
CRITICAL - 2023-05-05 22:40:53 --> Class "App\Models\ModelPengingat" not found
in APPPATH\Controllers\PengingatObat.php on line 15.
 1 SYSTEMPATH\CodeIgniter.php(906): App\Controllers\PengingatObat->__construct()
 2 SYSTEMPATH\CodeIgniter.php(490): CodeIgniter\CodeIgniter->createController()
 3 SYSTEMPATH\CodeIgniter.php(368): CodeIgniter\CodeIgniter->handleRequest(null, Object(Config\Cache), false)
 4 FCPATH\index.php(67): CodeIgniter\CodeIgniter->run()
 5 SYSTEMPATH\Commands\Server\rewrite.php(47): require_once('C:\\xampp\\htdocs\\tbcrestapi\\public\\index.php')
CRITICAL - 2023-05-05 22:42:10 --> Class "App\Models\ModelPengingat" not found
in APPPATH\Controllers\PengingatObat.php on line 15.
 1 SYSTEMPATH\CodeIgniter.php(906): App\Controllers\PengingatObat->__construct()
 2 SYSTEMPATH\CodeIgniter.php(490): CodeIgniter\CodeIgniter->createController()
 3 SYSTEMPATH\CodeIgniter.php(368): CodeIgniter\CodeIgniter->handleRequest(null, Object(Config\Cache), false)
 4 FCPATH\index.php(67): CodeIgniter\CodeIgniter->run()
 5 SYSTEMPATH\Commands\Server\rewrite.php(47): require_once('C:\\xampp\\htdocs\\tbcrestapi\\public\\index.php')
CRITICAL - 2023-05-05 22:43:52 --> Class "App\Models\ModelPengingat" not found
in APPPATH\Controllers\PengingatObat.php on line 15.
 1 SYSTEMPATH\CodeIgniter.php(906): App\Controllers\PengingatObat->__construct()
 2 SYSTEMPATH\CodeIgniter.php(490): CodeIgniter\CodeIgniter->createController()
 3 SYSTEMPATH\CodeIgniter.php(368): CodeIgniter\CodeIgniter->handleRequest(null, Object(Config\Cache), false)
 4 FCPATH\index.php(67): CodeIgniter\CodeIgniter->run()
 5 SYSTEMPATH\Commands\Server\rewrite.php(47): require_once('C:\\xampp\\htdocs\\tbcrestapi\\public\\index.php')
CRITICAL - 2023-05-05 22:44:31 --> Class "App\Controllers\ModelPengingat" not found
in APPPATH\Controllers\PengingatObat.php on line 15.
 1 SYSTEMPATH\CodeIgniter.php(906): App\Controllers\PengingatObat->__construct()
 2 SYSTEMPATH\CodeIgniter.php(490): CodeIgniter\CodeIgniter->createController()
 3 SYSTEMPATH\CodeIgniter.php(368): CodeIgniter\CodeIgniter->handleRequest(null, Object(Config\Cache), false)
 4 FCPATH\index.php(67): CodeIgniter\CodeIgniter->run()
 5 SYSTEMPATH\Commands\Server\rewrite.php(47): require_once('C:\\xampp\\htdocs\\tbcrestapi\\public\\index.php')
CRITICAL - 2023-05-05 22:44:45 --> Class "App\Models\ModelPengingatobat" not found
in APPPATH\Controllers\PengingatObat.php on line 15.
 1 SYSTEMPATH\CodeIgniter.php(906): App\Controllers\PengingatObat->__construct()
 2 SYSTEMPATH\CodeIgniter.php(490): CodeIgniter\CodeIgniter->createController()
 3 SYSTEMPATH\CodeIgniter.php(368): CodeIgniter\CodeIgniter->handleRequest(null, Object(Config\Cache), false)
 4 FCPATH\index.php(67): CodeIgniter\CodeIgniter->run()
 5 SYSTEMPATH\Commands\Server\rewrite.php(47): require_once('C:\\xampp\\htdocs\\tbcrestapi\\public\\index.php')
CRITICAL - 2023-05-05 22:44:59 --> Class "App\Controllers\ModelPengingat" not found
in APPPATH\Controllers\PengingatObat.php on line 15.
 1 SYSTEMPATH\CodeIgniter.php(906): App\Controllers\PengingatObat->__construct()
 2 SYSTEMPATH\CodeIgniter.php(490): CodeIgniter\CodeIgniter->createController()
 3 SYSTEMPATH\CodeIgniter.php(368): CodeIgniter\CodeIgniter->handleRequest(null, Object(Config\Cache), false)
 4 FCPATH\index.php(67): CodeIgniter\CodeIgniter->run()
 5 SYSTEMPATH\Commands\Server\rewrite.php(47): require_once('C:\\xampp\\htdocs\\tbcrestapi\\public\\index.php')
WARNING - 2023-05-05 22:45:20 --> [DEPRECATED] Creation of dynamic property App\Controllers\PengingatObat::$model is deprecated in APPPATH\Controllers\PengingatObat.php on line 15.
 1 SYSTEMPATH\CodeIgniter.php(906): App\Controllers\PengingatObat->__construct()
 2 SYSTEMPATH\CodeIgniter.php(490): CodeIgniter\CodeIgniter->createController()
 3 SYSTEMPATH\CodeIgniter.php(368): CodeIgniter\CodeIgniter->handleRequest(null, Object(Config\Cache), false)
 4 FCPATH\index.php(67): CodeIgniter\CodeIgniter->run()
 5 SYSTEMPATH\Commands\Server\rewrite.php(47): require_once('C:\\xampp\\htdocs\\tbcrestapi\\public\\index.php')
WARNING - 2023-05-05 22:45:29 --> [DEPRECATED] Creation of dynamic property App\Controllers\PengingatObat::$model is deprecated in APPPATH\Controllers\PengingatObat.php on line 15.
 1 SYSTEMPATH\CodeIgniter.php(906): App\Controllers\PengingatObat->__construct()
 2 SYSTEMPATH\CodeIgniter.php(490): CodeIgniter\CodeIgniter->createController()
 3 SYSTEMPATH\CodeIgniter.php(368): CodeIgniter\CodeIgniter->handleRequest(null, Object(Config\Cache), false)
 4 FCPATH\index.php(67): CodeIgniter\CodeIgniter->run()
 5 SYSTEMPATH\Commands\Server\rewrite.php(47): require_once('C:\\xampp\\htdocs\\tbcrestapi\\public\\index.php')
WARNING - 2023-05-05 22:45:41 --> [DEPRECATED] Creation of dynamic property App\Controllers\PengingatObat::$model is deprecated in APPPATH\Controllers\PengingatObat.php on line 15.
 1 SYSTEMPATH\CodeIgniter.php(906): App\Controllers\PengingatObat->__construct()
 2 SYSTEMPATH\CodeIgniter.php(490): CodeIgniter\CodeIgniter->createController()
 3 SYSTEMPATH\CodeIgniter.php(368): CodeIgniter\CodeIgniter->handleRequest(null, Object(Config\Cache), false)
 4 FCPATH\index.php(67): CodeIgniter\CodeIgniter->run()
 5 SYSTEMPATH\Commands\Server\rewrite.php(47): require_once('C:\\xampp\\htdocs\\tbcrestapi\\public\\index.php')
WARNING - 2023-05-05 22:45:45 --> [DEPRECATED] Creation of dynamic property App\Controllers\PengingatObat::$model is deprecated in APPPATH\Controllers\PengingatObat.php on line 15.
 1 SYSTEMPATH\CodeIgniter.php(906): App\Controllers\PengingatObat->__construct()
 2 SYSTEMPATH\CodeIgniter.php(490): CodeIgniter\CodeIgniter->createController()
 3 SYSTEMPATH\CodeIgniter.php(368): CodeIgniter\CodeIgniter->handleRequest(null, Object(Config\Cache), false)
 4 FCPATH\index.php(67): CodeIgniter\CodeIgniter->run()
 5 SYSTEMPATH\Commands\Server\rewrite.php(47): require_once('C:\\xampp\\htdocs\\tbcrestapi\\public\\index.php')
WARNING - 2023-05-05 22:45:55 --> [DEPRECATED] Creation of dynamic property App\Controllers\PengingatObat::$model is deprecated in APPPATH\Controllers\PengingatObat.php on line 15.
 1 SYSTEMPATH\CodeIgniter.php(906): App\Controllers\PengingatObat->__construct()
 2 SYSTEMPATH\CodeIgniter.php(490): CodeIgniter\CodeIgniter->createController()
 3 SYSTEMPATH\CodeIgniter.php(368): CodeIgniter\CodeIgniter->handleRequest(null, Object(Config\Cache), false)
 4 FCPATH\index.php(67): CodeIgniter\CodeIgniter->run()
 5 SYSTEMPATH\Commands\Server\rewrite.php(47): require_once('C:\\xampp\\htdocs\\tbcrestapi\\public\\index.php')
WARNING - 2023-05-05 22:46:02 --> [DEPRECATED] Creation of dynamic property App\Controllers\PengingatObat::$model is deprecated in APPPATH\Controllers\PengingatObat.php on line 15.
 1 SYSTEMPATH\CodeIgniter.php(906): App\Controllers\PengingatObat->__construct()
 2 SYSTEMPATH\CodeIgniter.php(490): CodeIgniter\CodeIgniter->createController()
 3 SYSTEMPATH\CodeIgniter.php(368): CodeIgniter\CodeIgniter->handleRequest(null, Object(Config\Cache), false)
 4 FCPATH\index.php(67): CodeIgniter\CodeIgniter->run()
 5 SYSTEMPATH\Commands\Server\rewrite.php(47): require_once('C:\\xampp\\htdocs\\tbcrestapi\\public\\index.php')
WARNING - 2023-05-05 22:46:44 --> [DEPRECATED] Creation of dynamic property App\Controllers\PengingatObat::$model is deprecated in APPPATH\Controllers\PengingatObat.php on line 15.
 1 SYSTEMPATH\CodeIgniter.php(906): App\Controllers\PengingatObat->__construct()
 2 SYSTEMPATH\CodeIgniter.php(490): CodeIgniter\CodeIgniter->createController()
 3 SYSTEMPATH\CodeIgniter.php(368): CodeIgniter\CodeIgniter->handleRequest(null, Object(Config\Cache), false)
 4 FCPATH\index.php(67): CodeIgniter\CodeIgniter->run()
 5 SYSTEMPATH\Commands\Server\rewrite.php(47): require_once('C:\\xampp\\htdocs\\tbcrestapi\\public\\index.php')
CRITICAL - 2023-05-05 22:46:44 --> There is no data to update.
in SYSTEMPATH\BaseModel.php on line 924.
 1 SYSTEMPATH\BaseModel.php(924): CodeIgniter\Database\Exceptions\DataException::forEmptyDataset('update')
 2 SYSTEMPATH\Model.php(756): CodeIgniter\BaseModel->update([...], [])
 3 SYSTEMPATH\BaseModel.php(690): CodeIgniter\Model->update('2', [...])
 4 APPPATH\Controllers\PengingatObat.php(63): CodeIgniter\BaseModel->save([...])
 5 SYSTEMPATH\CodeIgniter.php(934): App\Controllers\PengingatObat->update('2')
 6 SYSTEMPATH\CodeIgniter.php(499): CodeIgniter\CodeIgniter->runController(Object(App\Controllers\PengingatObat))
 7 SYSTEMPATH\CodeIgniter.php(368): CodeIgniter\CodeIgniter->handleRequest(null, Object(Config\Cache), false)
 8 FCPATH\index.php(67): CodeIgniter\CodeIgniter->run()
 9 SYSTEMPATH\Commands\Server\rewrite.php(47): require_once('C:\\xampp\\htdocs\\tbcrestapi\\public\\index.php')
WARNING - 2023-05-05 22:46:55 --> [DEPRECATED] Creation of dynamic property App\Controllers\PengingatObat::$model is deprecated in APPPATH\Controllers\PengingatObat.php on line 15.
 1 SYSTEMPATH\CodeIgniter.php(906): App\Controllers\PengingatObat->__construct()
 2 SYSTEMPATH\CodeIgniter.php(490): CodeIgniter\CodeIgniter->createController()
 3 SYSTEMPATH\CodeIgniter.php(368): CodeIgniter\CodeIgniter->handleRequest(null, Object(Config\Cache), false)
 4 FCPATH\index.php(67): CodeIgniter\CodeIgniter->run()
 5 SYSTEMPATH\Commands\Server\rewrite.php(47): require_once('C:\\xampp\\htdocs\\tbcrestapi\\public\\index.php')
WARNING - 2023-05-05 22:47:41 --> [DEPRECATED] Creation of dynamic property App\Controllers\PengingatObat::$model is deprecated in APPPATH\Controllers\PengingatObat.php on line 15.
 1 SYSTEMPATH\CodeIgniter.php(906): App\Controllers\PengingatObat->__construct()
 2 SYSTEMPATH\CodeIgniter.php(490): CodeIgniter\CodeIgniter->createController()
 3 SYSTEMPATH\CodeIgniter.php(368): CodeIgniter\CodeIgniter->handleRequest(null, Object(Config\Cache), false)
 4 FCPATH\index.php(67): CodeIgniter\CodeIgniter->run()
 5 SYSTEMPATH\Commands\Server\rewrite.php(47): require_once('C:\\xampp\\htdocs\\tbcrestapi\\public\\index.php')
WARNING - 2023-05-05 22:47:47 --> [DEPRECATED] Creation of dynamic property App\Controllers\PengingatObat::$model is deprecated in APPPATH\Controllers\PengingatObat.php on line 15.
 1 SYSTEMPATH\CodeIgniter.php(906): App\Controllers\PengingatObat->__construct()
 2 SYSTEMPATH\CodeIgniter.php(490): CodeIgniter\CodeIgniter->createController()
 3 SYSTEMPATH\CodeIgniter.php(368): CodeIgniter\CodeIgniter->handleRequest(null, Object(Config\Cache), false)
 4 FCPATH\index.php(67): CodeIgniter\CodeIgniter->run()
 5 SYSTEMPATH\Commands\Server\rewrite.php(47): require_once('C:\\xampp\\htdocs\\tbcrestapi\\public\\index.php')
WARNING - 2023-05-05 22:48:15 --> [DEPRECATED] Creation of dynamic property App\Controllers\PengingatObat::$model is deprecated in APPPATH\Controllers\PengingatObat.php on line 15.
 1 SYSTEMPATH\CodeIgniter.php(906): App\Controllers\PengingatObat->__construct()
 2 SYSTEMPATH\CodeIgniter.php(490): CodeIgniter\CodeIgniter->createController()
 3 SYSTEMPATH\CodeIgniter.php(368): CodeIgniter\CodeIgniter->handleRequest(null, Object(Config\Cache), false)
 4 FCPATH\index.php(67): CodeIgniter\CodeIgniter->run()
 5 SYSTEMPATH\Commands\Server\rewrite.php(47): require_once('C:\\xampp\\htdocs\\tbcrestapi\\public\\index.php')
CRITICAL - 2023-05-05 22:48:15 --> There is no data to update.
in SYSTEMPATH\BaseModel.php on line 924.
 1 SYSTEMPATH\BaseModel.php(924): CodeIgniter\Database\Exceptions\DataException::forEmptyDataset('update')
 2 SYSTEMPATH\Model.php(756): CodeIgniter\BaseModel->update([...], [])
 3 SYSTEMPATH\BaseModel.php(690): CodeIgniter\Model->update('2', [...])
 4 APPPATH\Controllers\PengingatObat.php(63): CodeIgniter\BaseModel->save([...])
 5 SYSTEMPATH\CodeIgniter.php(934): App\Controllers\PengingatObat->update('2')
 6 SYSTEMPATH\CodeIgniter.php(499): CodeIgniter\CodeIgniter->runController(Object(App\Controllers\PengingatObat))
 7 SYSTEMPATH\CodeIgniter.php(368): CodeIgniter\CodeIgniter->handleRequest(null, Object(Config\Cache), false)
 8 FCPATH\index.php(67): CodeIgniter\CodeIgniter->run()
 9 SYSTEMPATH\Commands\Server\rewrite.php(47): require_once('C:\\xampp\\htdocs\\tbcrestapi\\public\\index.php')
WARNING - 2023-05-05 22:49:32 --> [DEPRECATED] Creation of dynamic property App\Controllers\PengingatObat::$model is deprecated in APPPATH\Controllers\PengingatObat.php on line 15.
 1 SYSTEMPATH\CodeIgniter.php(906): App\Controllers\PengingatObat->__construct()
 2 SYSTEMPATH\CodeIgniter.php(490): CodeIgniter\CodeIgniter->createController()
 3 SYSTEMPATH\CodeIgniter.php(368): CodeIgniter\CodeIgniter->handleRequest(null, Object(Config\Cache), false)
 4 FCPATH\index.php(67): CodeIgniter\CodeIgniter->run()
 5 SYSTEMPATH\Commands\Server\rewrite.php(47): require_once('C:\\xampp\\htdocs\\tbcrestapi\\public\\index.php')
WARNING - 2023-05-05 22:50:08 --> [DEPRECATED] Creation of dynamic property App\Controllers\PengingatObat::$model is deprecated in APPPATH\Controllers\PengingatObat.php on line 15.
 1 SYSTEMPATH\CodeIgniter.php(906): App\Controllers\PengingatObat->__construct()
 2 SYSTEMPATH\CodeIgniter.php(490): CodeIgniter\CodeIgniter->createController()
 3 SYSTEMPATH\CodeIgniter.php(368): CodeIgniter\CodeIgniter->handleRequest(null, Object(Config\Cache), false)
 4 FCPATH\index.php(67): CodeIgniter\CodeIgniter->run()
 5 SYSTEMPATH\Commands\Server\rewrite.php(47): require_once('C:\\xampp\\htdocs\\tbcrestapi\\public\\index.php')
WARNING - 2023-05-05 23:02:39 --> [DEPRECATED] Creation of dynamic property App\Controllers\Edukasi::$model is deprecated in APPPATH\Controllers\Edukasi.php on line 15.
 1 SYSTEMPATH\CodeIgniter.php(906): App\Controllers\Edukasi->__construct()
 2 SYSTEMPATH\CodeIgniter.php(490): CodeIgniter\CodeIgniter->createController()
 3 SYSTEMPATH\CodeIgniter.php(368): CodeIgniter\CodeIgniter->handleRequest(null, Object(Config\Cache), false)
 4 FCPATH\index.php(67): CodeIgniter\CodeIgniter->run()
 5 SYSTEMPATH\Commands\Server\rewrite.php(47): require_once('C:\\xampp\\htdocs\\tbcrestapi\\public\\index.php')
WARNING - 2023-05-05 23:04:26 --> [DEPRECATED] Creation of dynamic property App\Controllers\Edukasi::$model is deprecated in APPPATH\Controllers\Edukasi.php on line 15.
 1 SYSTEMPATH\CodeIgniter.php(906): App\Controllers\Edukasi->__construct()
 2 SYSTEMPATH\CodeIgniter.php(490): CodeIgniter\CodeIgniter->createController()
 3 SYSTEMPATH\CodeIgniter.php(368): CodeIgniter\CodeIgniter->handleRequest(null, Object(Config\Cache), false)
 4 FCPATH\index.php(67): CodeIgniter\CodeIgniter->run()
 5 SYSTEMPATH\Commands\Server\rewrite.php(47): require_once('C:\\xampp\\htdocs\\tbcrestapi\\public\\index.php')
WARNING - 2023-05-05 23:04:44 --> [DEPRECATED] Creation of dynamic property App\Controllers\Edukasi::$model is deprecated in APPPATH\Controllers\Edukasi.php on line 15.
 1 SYSTEMPATH\CodeIgniter.php(906): App\Controllers\Edukasi->__construct()
 2 SYSTEMPATH\CodeIgniter.php(490): CodeIgniter\CodeIgniter->createController()
 3 SYSTEMPATH\CodeIgniter.php(368): CodeIgniter\CodeIgniter->handleRequest(null, Object(Config\Cache), false)
 4 FCPATH\index.php(67): CodeIgniter\CodeIgniter->run()
 5 SYSTEMPATH\Commands\Server\rewrite.php(47): require_once('C:\\xampp\\htdocs\\tbcrestapi\\public\\index.php')
WARNING - 2023-05-05 23:05:16 --> [DEPRECATED] Creation of dynamic property App\Controllers\Edukasi::$model is deprecated in APPPATH\Controllers\Edukasi.php on line 15.
 1 SYSTEMPATH\CodeIgniter.php(906): App\Controllers\Edukasi->__construct()
 2 SYSTEMPATH\CodeIgniter.php(490): CodeIgniter\CodeIgniter->createController()
 3 SYSTEMPATH\CodeIgniter.php(368): CodeIgniter\CodeIgniter->handleRequest(null, Object(Config\Cache), false)
 4 FCPATH\index.php(67): CodeIgniter\CodeIgniter->run()
 5 SYSTEMPATH\Commands\Server\rewrite.php(47): require_once('C:\\xampp\\htdocs\\tbcrestapi\\public\\index.php')
CRITICAL - 2023-05-05 23:05:16 --> Undefined property: App\Controllers\Edukasi::$load
in APPPATH\Controllers\Edukasi.php on line 64.
 1 APPPATH\Controllers\Edukasi.php(64): CodeIgniter\Debug\Exceptions->errorHandler(2, 'Undefined property: App\\Controllers\\Edukasi::$load', 'C:\\xampp\\htdocs\\tbcrestapi\\app\\Controllers\\Edukasi.php', 64)
 2 SYSTEMPATH\CodeIgniter.php(934): App\Controllers\Edukasi->update('1')
 3 SYSTEMPATH\CodeIgniter.php(499): CodeIgniter\CodeIgniter->runController(Object(App\Controllers\Edukasi))
 4 SYSTEMPATH\CodeIgniter.php(368): CodeIgniter\CodeIgniter->handleRequest(null, Object(Config\Cache), false)
 5 FCPATH\index.php(67): CodeIgniter\CodeIgniter->run()
 6 SYSTEMPATH\Commands\Server\rewrite.php(47): require_once('C:\\xampp\\htdocs\\tbcrestapi\\public\\index.php')
WARNING - 2023-05-05 23:05:36 --> [DEPRECATED] Creation of dynamic property App\Controllers\Edukasi::$model is deprecated in APPPATH\Controllers\Edukasi.php on line 15.
 1 SYSTEMPATH\CodeIgniter.php(906): App\Controllers\Edukasi->__construct()
 2 SYSTEMPATH\CodeIgniter.php(490): CodeIgniter\CodeIgniter->createController()
 3 SYSTEMPATH\CodeIgniter.php(368): CodeIgniter\CodeIgniter->handleRequest(null, Object(Config\Cache), false)
 4 FCPATH\index.php(67): CodeIgniter\CodeIgniter->run()
 5 SYSTEMPATH\Commands\Server\rewrite.php(47): require_once('C:\\xampp\\htdocs\\tbcrestapi\\public\\index.php')
CRITICAL - 2023-05-05 23:05:36 --> Undefined property: App\Controllers\Edukasi::$load
in APPPATH\Controllers\Edukasi.php on line 64.
 1 APPPATH\Controllers\Edukasi.php(64): CodeIgniter\Debug\Exceptions->errorHandler(2, 'Undefined property: App\\Controllers\\Edukasi::$load', 'C:\\xampp\\htdocs\\tbcrestapi\\app\\Controllers\\Edukasi.php', 64)
 2 SYSTEMPATH\CodeIgniter.php(934): App\Controllers\Edukasi->update('1')
 3 SYSTEMPATH\CodeIgniter.php(499): CodeIgniter\CodeIgniter->runController(Object(App\Controllers\Edukasi))
 4 SYSTEMPATH\CodeIgniter.php(368): CodeIgniter\CodeIgniter->handleRequest(null, Object(Config\Cache), false)
 5 FCPATH\index.php(67): CodeIgniter\CodeIgniter->run()
 6 SYSTEMPATH\Commands\Server\rewrite.php(47): require_once('C:\\xampp\\htdocs\\tbcrestapi\\public\\index.php')
WARNING - 2023-05-05 23:14:22 --> [DEPRECATED] Creation of dynamic property App\Controllers\Edukasi::$model is deprecated in APPPATH\Controllers\Edukasi.php on line 15.
 1 SYSTEMPATH\CodeIgniter.php(906): App\Controllers\Edukasi->__construct()
 2 SYSTEMPATH\CodeIgniter.php(490): CodeIgniter\CodeIgniter->createController()
 3 SYSTEMPATH\CodeIgniter.php(368): CodeIgniter\CodeIgniter->handleRequest(null, Object(Config\Cache), false)
 4 FCPATH\index.php(67): CodeIgniter\CodeIgniter->run()
 5 SYSTEMPATH\Commands\Server\rewrite.php(47): require_once('C:\\xampp\\htdocs\\tbcrestapi\\public\\index.php')
CRITICAL - 2023-05-05 23:14:22 --> Undefined variable $data
in APPPATH\Controllers\Edukasi.php on line 86.
 1 APPPATH\Controllers\Edukasi.php(86): CodeIgniter\Debug\Exceptions->errorHandler(2, 'Undefined variable $data', 'C:\\xampp\\htdocs\\tbcrestapi\\app\\Controllers\\Edukasi.php', 86)
 2 SYSTEMPATH\CodeIgniter.php(934): App\Controllers\Edukasi->update('1')
 3 SYSTEMPATH\CodeIgniter.php(499): CodeIgniter\CodeIgniter->runController(Object(App\Controllers\Edukasi))
 4 SYSTEMPATH\CodeIgniter.php(368): CodeIgniter\CodeIgniter->handleRequest(null, Object(Config\Cache), false)
 5 FCPATH\index.php(67): CodeIgniter\CodeIgniter->run()
 6 SYSTEMPATH\Commands\Server\rewrite.php(47): require_once('C:\\xampp\\htdocs\\tbcrestapi\\public\\index.php')
WARNING - 2023-05-05 23:14:35 --> [DEPRECATED] Creation of dynamic property App\Controllers\Edukasi::$model is deprecated in APPPATH\Controllers\Edukasi.php on line 15.
 1 SYSTEMPATH\CodeIgniter.php(906): App\Controllers\Edukasi->__construct()
 2 SYSTEMPATH\CodeIgniter.php(490): CodeIgniter\CodeIgniter->createController()
 3 SYSTEMPATH\CodeIgniter.php(368): CodeIgniter\CodeIgniter->handleRequest(null, Object(Config\Cache), false)
 4 FCPATH\index.php(67): CodeIgniter\CodeIgniter->run()
 5 SYSTEMPATH\Commands\Server\rewrite.php(47): require_once('C:\\xampp\\htdocs\\tbcrestapi\\public\\index.php')
CRITICAL - 2023-05-05 23:14:35 --> Array to string conversion
in APPPATH\Controllers\Edukasi.php on line 86.
 1 APPPATH\Controllers\Edukasi.php(86): CodeIgniter\Debug\Exceptions->errorHandler(2, 'Array to string conversion', 'C:\\xampp\\htdocs\\tbcrestapi\\app\\Controllers\\Edukasi.php', 86)
 2 SYSTEMPATH\CodeIgniter.php(934): App\Controllers\Edukasi->update('1')
 3 SYSTEMPATH\CodeIgniter.php(499): CodeIgniter\CodeIgniter->runController(Object(App\Controllers\Edukasi))
 4 SYSTEMPATH\CodeIgniter.php(368): CodeIgniter\CodeIgniter->handleRequest(null, Object(Config\Cache), false)
 5 FCPATH\index.php(67): CodeIgniter\CodeIgniter->run()
 6 SYSTEMPATH\Commands\Server\rewrite.php(47): require_once('C:\\xampp\\htdocs\\tbcrestapi\\public\\index.php')
WARNING - 2023-05-05 23:15:14 --> [DEPRECATED] Creation of dynamic property App\Controllers\Edukasi::$model is deprecated in APPPATH\Controllers\Edukasi.php on line 15.
 1 SYSTEMPATH\CodeIgniter.php(906): App\Controllers\Edukasi->__construct()
 2 SYSTEMPATH\CodeIgniter.php(490): CodeIgniter\CodeIgniter->createController()
 3 SYSTEMPATH\CodeIgniter.php(368): CodeIgniter\CodeIgniter->handleRequest(null, Object(Config\Cache), false)
 4 FCPATH\index.php(67): CodeIgniter\CodeIgniter->run()
 5 SYSTEMPATH\Commands\Server\rewrite.php(47): require_once('C:\\xampp\\htdocs\\tbcrestapi\\public\\index.php')
CRITICAL - 2023-05-05 23:15:14 --> Array to string conversion
in APPPATH\Controllers\Edukasi.php on line 86.
 1 APPPATH\Controllers\Edukasi.php(86): CodeIgniter\Debug\Exceptions->errorHandler(2, 'Array to string conversion', 'C:\\xampp\\htdocs\\tbcrestapi\\app\\Controllers\\Edukasi.php', 86)
 2 SYSTEMPATH\CodeIgniter.php(934): App\Controllers\Edukasi->update('1')
 3 SYSTEMPATH\CodeIgniter.php(499): CodeIgniter\CodeIgniter->runController(Object(App\Controllers\Edukasi))
 4 SYSTEMPATH\CodeIgniter.php(368): CodeIgniter\CodeIgniter->handleRequest(null, Object(Config\Cache), false)
 5 FCPATH\index.php(67): CodeIgniter\CodeIgniter->run()
 6 SYSTEMPATH\Commands\Server\rewrite.php(47): require_once('C:\\xampp\\htdocs\\tbcrestapi\\public\\index.php')
WARNING - 2023-05-05 23:15:30 --> [DEPRECATED] Creation of dynamic property App\Controllers\Edukasi::$model is deprecated in APPPATH\Controllers\Edukasi.php on line 15.
 1 SYSTEMPATH\CodeIgniter.php(906): App\Controllers\Edukasi->__construct()
 2 SYSTEMPATH\CodeIgniter.php(490): CodeIgniter\CodeIgniter->createController()
 3 SYSTEMPATH\CodeIgniter.php(368): CodeIgniter\CodeIgniter->handleRequest(null, Object(Config\Cache), false)
 4 FCPATH\index.php(67): CodeIgniter\CodeIgniter->run()
 5 SYSTEMPATH\Commands\Server\rewrite.php(47): require_once('C:\\xampp\\htdocs\\tbcrestapi\\public\\index.php')
WARNING - 2023-05-05 23:18:09 --> [DEPRECATED] Creation of dynamic property App\Controllers\Edukasi::$model is deprecated in APPPATH\Controllers\Edukasi.php on line 15.
 1 SYSTEMPATH\CodeIgniter.php(906): App\Controllers\Edukasi->__construct()
 2 SYSTEMPATH\CodeIgniter.php(490): CodeIgniter\CodeIgniter->createController()
 3 SYSTEMPATH\CodeIgniter.php(368): CodeIgniter\CodeIgniter->handleRequest(null, Object(Config\Cache), false)
 4 FCPATH\index.php(67): CodeIgniter\CodeIgniter->run()
 5 SYSTEMPATH\Commands\Server\rewrite.php(47): require_once('C:\\xampp\\htdocs\\tbcrestapi\\public\\index.php')
WARNING - 2023-05-05 23:18:22 --> [DEPRECATED] Creation of dynamic property App\Controllers\Edukasi::$model is deprecated in APPPATH\Controllers\Edukasi.php on line 15.
 1 SYSTEMPATH\CodeIgniter.php(906): App\Controllers\Edukasi->__construct()
 2 SYSTEMPATH\CodeIgniter.php(490): CodeIgniter\CodeIgniter->createController()
 3 SYSTEMPATH\CodeIgniter.php(368): CodeIgniter\CodeIgniter->handleRequest(null, Object(Config\Cache), false)
 4 FCPATH\index.php(67): CodeIgniter\CodeIgniter->run()
 5 SYSTEMPATH\Commands\Server\rewrite.php(47): require_once('C:\\xampp\\htdocs\\tbcrestapi\\public\\index.php')
WARNING - 2023-05-05 23:18:32 --> [DEPRECATED] Creation of dynamic property App\Controllers\Edukasi::$model is deprecated in APPPATH\Controllers\Edukasi.php on line 15.
 1 SYSTEMPATH\CodeIgniter.php(906): App\Controllers\Edukasi->__construct()
 2 SYSTEMPATH\CodeIgniter.php(490): CodeIgniter\CodeIgniter->createController()
 3 SYSTEMPATH\CodeIgniter.php(368): CodeIgniter\CodeIgniter->handleRequest(null, Object(Config\Cache), false)
 4 FCPATH\index.php(67): CodeIgniter\CodeIgniter->run()
 5 SYSTEMPATH\Commands\Server\rewrite.php(47): require_once('C:\\xampp\\htdocs\\tbcrestapi\\public\\index.php')
WARNING - 2023-05-05 23:18:53 --> [DEPRECATED] Creation of dynamic property App\Controllers\Edukasi::$model is deprecated in APPPATH\Controllers\Edukasi.php on line 15.
 1 SYSTEMPATH\CodeIgniter.php(906): App\Controllers\Edukasi->__construct()
 2 SYSTEMPATH\CodeIgniter.php(490): CodeIgniter\CodeIgniter->createController()
 3 SYSTEMPATH\CodeIgniter.php(368): CodeIgniter\CodeIgniter->handleRequest(null, Object(Config\Cache), false)
 4 FCPATH\index.php(67): CodeIgniter\CodeIgniter->run()
 5 SYSTEMPATH\Commands\Server\rewrite.php(47): require_once('C:\\xampp\\htdocs\\tbcrestapi\\public\\index.php')
WARNING - 2023-05-05 23:19:03 --> [DEPRECATED] Creation of dynamic property App\Controllers\Edukasi::$model is deprecated in APPPATH\Controllers\Edukasi.php on line 15.
 1 SYSTEMPATH\CodeIgniter.php(906): App\Controllers\Edukasi->__construct()
 2 SYSTEMPATH\CodeIgniter.php(490): CodeIgniter\CodeIgniter->createController()
 3 SYSTEMPATH\CodeIgniter.php(368): CodeIgniter\CodeIgniter->handleRequest(null, Object(Config\Cache), false)
 4 FCPATH\index.php(67): CodeIgniter\CodeIgniter->run()
 5 SYSTEMPATH\Commands\Server\rewrite.php(47): require_once('C:\\xampp\\htdocs\\tbcrestapi\\public\\index.php')
WARNING - 2023-05-05 23:19:22 --> [DEPRECATED] Creation of dynamic property App\Controllers\Edukasi::$model is deprecated in APPPATH\Controllers\Edukasi.php on line 15.
 1 SYSTEMPATH\CodeIgniter.php(906): App\Controllers\Edukasi->__construct()
 2 SYSTEMPATH\CodeIgniter.php(490): CodeIgniter\CodeIgniter->createController()
 3 SYSTEMPATH\CodeIgniter.php(368): CodeIgniter\CodeIgniter->handleRequest(null, Object(Config\Cache), false)
 4 FCPATH\index.php(67): CodeIgniter\CodeIgniter->run()
 5 SYSTEMPATH\Commands\Server\rewrite.php(47): require_once('C:\\xampp\\htdocs\\tbcrestapi\\public\\index.php')
WARNING - 2023-05-05 23:19:38 --> [DEPRECATED] Creation of dynamic property App\Controllers\Edukasi::$model is deprecated in APPPATH\Controllers\Edukasi.php on line 15.
 1 SYSTEMPATH\CodeIgniter.php(906): App\Controllers\Edukasi->__construct()
 2 SYSTEMPATH\CodeIgniter.php(490): CodeIgniter\CodeIgniter->createController()
 3 SYSTEMPATH\CodeIgniter.php(368): CodeIgniter\CodeIgniter->handleRequest(null, Object(Config\Cache), false)
 4 FCPATH\index.php(67): CodeIgniter\CodeIgniter->run()
 5 SYSTEMPATH\Commands\Server\rewrite.php(47): require_once('C:\\xampp\\htdocs\\tbcrestapi\\public\\index.php')
WARNING - 2023-05-05 23:19:49 --> [DEPRECATED] Creation of dynamic property App\Controllers\Edukasi::$model is deprecated in APPPATH\Controllers\Edukasi.php on line 15.
 1 SYSTEMPATH\CodeIgniter.php(906): App\Controllers\Edukasi->__construct()
 2 SYSTEMPATH\CodeIgniter.php(490): CodeIgniter\CodeIgniter->createController()
 3 SYSTEMPATH\CodeIgniter.php(368): CodeIgniter\CodeIgniter->handleRequest(null, Object(Config\Cache), false)
 4 FCPATH\index.php(67): CodeIgniter\CodeIgniter->run()
 5 SYSTEMPATH\Commands\Server\rewrite.php(47): require_once('C:\\xampp\\htdocs\\tbcrestapi\\public\\index.php')
CRITICAL - 2023-05-05 23:19:49 --> Undefined array key "media"
in APPPATH\Controllers\Edukasi.php on line 119.
 1 APPPATH\Controllers\Edukasi.php(119): CodeIgniter\Debug\Exceptions->errorHandler(2, 'Undefined array key "media"', 'C:\\xampp\\htdocs\\tbcrestapi\\app\\Controllers\\Edukasi.php', 119)
 2 SYSTEMPATH\CodeIgniter.php(934): App\Controllers\Edukasi->delete()
 3 SYSTEMPATH\CodeIgniter.php(499): CodeIgniter\CodeIgniter->runController(Object(App\Controllers\Edukasi))
 4 SYSTEMPATH\CodeIgniter.php(368): CodeIgniter\CodeIgniter->handleRequest(null, Object(Config\Cache), false)
 5 FCPATH\index.php(67): CodeIgniter\CodeIgniter->run()
 6 SYSTEMPATH\Commands\Server\rewrite.php(47): require_once('C:\\xampp\\htdocs\\tbcrestapi\\public\\index.php')
WARNING - 2023-05-05 23:19:54 --> [DEPRECATED] Creation of dynamic property App\Controllers\Edukasi::$model is deprecated in APPPATH\Controllers\Edukasi.php on line 15.
 1 SYSTEMPATH\CodeIgniter.php(906): App\Controllers\Edukasi->__construct()
 2 SYSTEMPATH\CodeIgniter.php(490): CodeIgniter\CodeIgniter->createController()
 3 SYSTEMPATH\CodeIgniter.php(368): CodeIgniter\CodeIgniter->handleRequest(null, Object(Config\Cache), false)
 4 FCPATH\index.php(67): CodeIgniter\CodeIgniter->run()
 5 SYSTEMPATH\Commands\Server\rewrite.php(47): require_once('C:\\xampp\\htdocs\\tbcrestapi\\public\\index.php')
WARNING - 2023-05-05 23:20:44 --> [DEPRECATED] Creation of dynamic property App\Controllers\Edukasi::$model is deprecated in APPPATH\Controllers\Edukasi.php on line 15.
 1 SYSTEMPATH\CodeIgniter.php(906): App\Controllers\Edukasi->__construct()
 2 SYSTEMPATH\CodeIgniter.php(490): CodeIgniter\CodeIgniter->createController()
 3 SYSTEMPATH\CodeIgniter.php(368): CodeIgniter\CodeIgniter->handleRequest(null, Object(Config\Cache), false)
 4 FCPATH\index.php(67): CodeIgniter\CodeIgniter->run()
 5 SYSTEMPATH\Commands\Server\rewrite.php(47): require_once('C:\\xampp\\htdocs\\tbcrestapi\\public\\index.php')
WARNING - 2023-05-05 23:21:45 --> [DEPRECATED] Creation of dynamic property App\Controllers\Edukasi::$model is deprecated in APPPATH\Controllers\Edukasi.php on line 15.
 1 SYSTEMPATH\CodeIgniter.php(906): App\Controllers\Edukasi->__construct()
 2 SYSTEMPATH\CodeIgniter.php(490): CodeIgniter\CodeIgniter->createController()
 3 SYSTEMPATH\CodeIgniter.php(368): CodeIgniter\CodeIgniter->handleRequest(null, Object(Config\Cache), false)
 4 FCPATH\index.php(67): CodeIgniter\CodeIgniter->run()
 5 SYSTEMPATH\Commands\Server\rewrite.php(47): require_once('C:\\xampp\\htdocs\\tbcrestapi\\public\\index.php')
WARNING - 2023-05-05 23:22:01 --> [DEPRECATED] Creation of dynamic property App\Controllers\Edukasi::$model is deprecated in APPPATH\Controllers\Edukasi.php on line 15.
 1 SYSTEMPATH\CodeIgniter.php(906): App\Controllers\Edukasi->__construct()
 2 SYSTEMPATH\CodeIgniter.php(490): CodeIgniter\CodeIgniter->createController()
 3 SYSTEMPATH\CodeIgniter.php(368): CodeIgniter\CodeIgniter->handleRequest(null, Object(Config\Cache), false)
 4 FCPATH\index.php(67): CodeIgniter\CodeIgniter->run()
 5 SYSTEMPATH\Commands\Server\rewrite.php(47): require_once('C:\\xampp\\htdocs\\tbcrestapi\\public\\index.php')
WARNING - 2023-05-05 23:22:20 --> [DEPRECATED] Creation of dynamic property App\Controllers\Edukasi::$model is deprecated in APPPATH\Controllers\Edukasi.php on line 15.
 1 SYSTEMPATH\CodeIgniter.php(906): App\Controllers\Edukasi->__construct()
 2 SYSTEMPATH\CodeIgniter.php(490): CodeIgniter\CodeIgniter->createController()
 3 SYSTEMPATH\CodeIgniter.php(368): CodeIgniter\CodeIgniter->handleRequest(null, Object(Config\Cache), false)
 4 FCPATH\index.php(67): CodeIgniter\CodeIgniter->run()
 5 SYSTEMPATH\Commands\Server\rewrite.php(47): require_once('C:\\xampp\\htdocs\\tbcrestapi\\public\\index.php')
WARNING - 2023-05-05 23:22:53 --> [DEPRECATED] Creation of dynamic property App\Controllers\Edukasi::$model is deprecated in APPPATH\Controllers\Edukasi.php on line 15.
 1 SYSTEMPATH\CodeIgniter.php(906): App\Controllers\Edukasi->__construct()
 2 SYSTEMPATH\CodeIgniter.php(490): CodeIgniter\CodeIgniter->createController()
 3 SYSTEMPATH\CodeIgniter.php(368): CodeIgniter\CodeIgniter->handleRequest(null, Object(Config\Cache), false)
 4 FCPATH\index.php(67): CodeIgniter\CodeIgniter->run()
 5 SYSTEMPATH\Commands\Server\rewrite.php(47): require_once('C:\\xampp\\htdocs\\tbcrestapi\\public\\index.php')
WARNING - 2023-05-05 23:23:36 --> [DEPRECATED] Creation of dynamic property App\Controllers\Edukasi::$model is deprecated in APPPATH\Controllers\Edukasi.php on line 15.
 1 SYSTEMPATH\CodeIgniter.php(906): App\Controllers\Edukasi->__construct()
 2 SYSTEMPATH\CodeIgniter.php(490): CodeIgniter\CodeIgniter->createController()
 3 SYSTEMPATH\CodeIgniter.php(368): CodeIgniter\CodeIgniter->handleRequest(null, Object(Config\Cache), false)
 4 FCPATH\index.php(67): CodeIgniter\CodeIgniter->run()
 5 SYSTEMPATH\Commands\Server\rewrite.php(47): require_once('C:\\xampp\\htdocs\\tbcrestapi\\public\\index.php')
